<?xml version="1.0" encoding="UTF-8"?>
<robot generator="Robot 6.1.1 (Python 3.10.12 on linux)" generated="20240616 00:26:27.841" rpa="false" schemaversion="4">
<suite id="s1" name="[MINERVA_J3_E01] MinervaSystem Stress Test" source="/home/meta-cict/arun/glow/crobot/crobot/../common/system/minerva_system.robot">
<kw name="Diag Connect Device" type="SETUP">
<kw name="WPL Set Library Order" library="Resource">
<kw name="WPL DiagSetLibraryOrder" library="DiagLibAdapter">
<status status="PASS" starttime="20240616 00:26:38.497" endtime="20240616 00:26:38.497"/>
</kw>
<status status="PASS" starttime="20240616 00:26:38.497" endtime="20240616 00:26:38.497"/>
</kw>
<kw name="WPL Diag Device Connect" library="DiagLibAdapter">
<msg timestamp="20240616 00:26:38.497" level="INFO">Opening connection to 10.208.84.80:2032 with prompt: None</msg>
<msg timestamp="20240616 00:26:48.793" level="INFO">Connected to port 32.


[root@localhost ~]#</msg>
<status status="PASS" starttime="20240616 00:26:38.497" endtime="20240616 00:26:48.793"/>
</kw>
<status status="PASS" starttime="20240616 00:26:38.497" endtime="20240616 00:26:48.794"/>
</kw>
<test id="s1-t1" name="META_STRESS_COM_TCG1_02_FPGA_PCIE_Bus_Stress_Test" line="74">
<kw name="Log Info" library="DiagLibAdapter">
<arg>===== Start of META_STRESS_COM_TCG1_02_FPGA_PCIE_Bus_Stress_Test =====</arg>
<msg timestamp="20240616 00:26:48.795" level="INFO">
===== Start of META_STRESS_COM_TCG1_02_FPGA_PCIE_Bus_Stress_Test =====
</msg>
<status status="PASS" starttime="20240616 00:26:48.794" endtime="20240616 00:26:48.795"/>
</kw>
<kw name="Set Fpga Stress Loop Time" library="DiagLibAdapter">
<arg>${StressLoopTime10000}</arg>
<msg timestamp="20240616 00:26:48.795" level="INFO">
PASS: Successfully set_fpga_stress_time: [10000] seconds.

</msg>
<status status="PASS" starttime="20240616 00:26:48.795" endtime="20240616 00:26:48.795"/>
</kw>
<kw name="Step" library="DiagLibAdapter">
<arg>1</arg>
<arg>check_unidiag_system_versions</arg>
<arg>DUT</arg>
<doc>when use this api/keyword , if one step fail, the following steps will not be executed</doc>
<kw name="Check Unidiag System Versions" library="DiagLibAdapter">
<arg>DUT</arg>
<msg timestamp="20240616 00:26:51.910" level="INFO">[root@localhost ~]# 
[root@localhost ~]# 
[root@localhost ~]# unidiag
    System Version   : 
        BIOS: NL401
        BMC:  janga-v2.00 (master)
        I210: v3.30, 0x80000774
        SDK:  2024/06/07 v2.2.1
        BSP:  v2.0.0
        UDEV: v2.0.0
        OS:   v2.0.0

        Platform:   janga
        IOB FPGA:   v0.50
        DOM FPGA:   v0.38
        SMB CPLD 1: v2.0.5    booted from: External Flash
        SMB CPLD 2: v2.0.3    booted from: External Flash
        PWR CPLD:   v2.0.2    booted from: External Flash
        COMe FPGA:  PVT (0x05)

        BRD REV: DVT1
        PN: R4062G000203
        SN: GR23324190023 

 =============       &lt;&lt;&lt; Meta Unidiag Platform &gt;&gt;&gt;</msg>
<status status="PASS" starttime="20240616 00:26:48.796" endtime="20240616 00:26:51.911"/>
</kw>
<status status="PASS" starttime="20240616 00:26:48.796" endtime="20240616 00:26:51.911"/>
</kw>
<kw name="Step" library="DiagLibAdapter">
<arg>2</arg>
<arg>check_system_pcie_scan</arg>
<arg>DUT</arg>
<doc>when use this api/keyword , if one step fail, the following steps will not be executed</doc>
<kw name="Check System Pcie Scan" library="DiagLibAdapter">
<arg>DUT</arg>
<msg timestamp="20240616 00:26:51.913" level="INFO">
Entering into the stress menu with 'h' key
</msg>
<msg timestamp="20240616 00:26:51.913" level="INFO">==============</msg>
<msg timestamp="20240616 00:26:56.919" level="INFO">
Pressing option 'j' to move in 'PCIe Scan Stress' submenu 
</msg>
<msg timestamp="20240616 00:26:56.920" level="INFO">[ a ]    auto (47)                                                56</msg>
<msg timestamp="20240616 00:26:58.932" level="INFO">[ b ]  » System Test (17)                                         10
  [ c ]  » Board Test (4)                                           26
  [ d ]  » FPGA Test (2)                                             5
  [ e ]  » CPLD Test (3)                                             6
  [ f ]  » Firmware Upgrade (14)                                     0
  [ g ]  » BCB Interface Test (8)                                    0
  [ h ]  » Stress Test (12)                                          0
  [ i ]    Sanity Test (23)                                          0
  [ j ]    Snapshot (1)                                              0
  [ k ]    MFG Test (22)                                             0
  [ q ]  « Exit Menu
 ============= [               Test Main                ] =============
minerva@unidiag_2.1.0:~$  press [ a b c d e f g h i j k ] to run a test :
&gt;&gt;&gt; h

 =============       &lt;&lt;&lt; Meta Unidiag Platform &gt;&gt;&gt;       ==============
  [ a ]    auto (0)                                                  0
  [ b ]    CPU Stress (1)                                            0
  [ c ]    MEM Stress (1)                                            0
  [ d ]    PTU Stress (1)                                            0
  [ e ]    NIC Server Stress (1)                                     0
  [ f ]    NIC Client Stress (1)                                     0
  [ g ]    I2C Scan Stress (1)                                       0
  [ h ]    I2C OSFP/QSFP Scan Stress (1)                             0
  [ i ]    SPI Scan Stress (1)                                       0
  [ j ]    PCIe Scan Stress (1)                                      0
  [ k ]    FPGA Stress (1)                                           0
  [ l ]    IO Stress (1)                                             0
  [ m ]    MP2975 Monitoring Stress Test (1)                         0
  [ q ]  « Back to upper menu
 ============= [              Stress Test               ] =============
minerva@unidiag_2.1.0:~$  press [ a b c d e f g h i j k l m ] to run a test :
&gt;&gt;&gt; 
 =============       &lt;&lt;&lt; Meta Unidiag Platform &gt;&gt;&gt;       ==============
  [ a ]    auto (0)                                                  0
  [ b ]    CPU Stress (1)                                            0
  [ c ]    MEM Stress (1)                                            0
  [ d ]    PTU Stress (1)                                            0
  [ e ]    NIC Server Stress (1)                                     0
  [ f ]    NIC Client Stress (1)                                     0
  [ g ]    I2C Scan Stress (1)                                       0
  [ h ]    I2C OSFP/QSFP Scan Stress (1)                             0
  [ i ]    SPI Scan Stress (1)                                       0
  [ j ]    PCIe Scan Stress (1)                                      0
  [ k ]    FPGA Stress (1)                                           0
  [ l ]    IO Stress (1)                                             0
  [ m ]    MP2975 Monitoring Stress Test (1)                         0
  [ q ]  « Back to upper menu
 ============= [              Stress Test               ] =============
minerva@unidiag_2.1.0:~$  press [ a b c d e f g h i j k l m ] to run a test :
&gt;&gt;&gt; j
&gt;&gt;&gt; [ Testcase stress ] PCIe Scan Stress         
You are about to run stress test "PCIe Scan Stress Test".
Please input the mode you are going to run test</msg>
<msg timestamp="20240616 00:26:58.933" level="INFO">(input "loop" or "time" and press [Enter]):</msg>
<msg timestamp="20240616 00:26:59.044" level="INFO">loop
Please input the number of loops</msg>
<msg timestamp="20240616 00:26:59.045" level="INFO">you are going to run (positive integer):</msg>
<msg timestamp="20240616 00:27:00.201" level="INFO">1
Test PCIe Scan Stress Test, running for 1 loops, starting at 2022-08-26 11:22:21.623748.
------------------------------------
  Device Name  |    BDF    | Status 
------------------------------------
      I210 NIC     01:00.0    PASS 
     J3 ASIC#0     15:00.0    PASS 
     J3 ASIC#1     18:00.0    PASS 
      IOB FPGA     17:00.0    PASS 

 - Test #0, Result: Pass, Log:
------------------------------------
  Device Name  |    BDF    | Status 
------------------------------------
      I210 NIC     01:00.0    PASS 
     J3 ASIC#0     15:00.0    PASS 
     J3 ASIC#1     18:00.0    PASS 
      IOB FPGA     17:00.0    PASS 
Scanned 4 devices, 0 missing.

All tests are finished. Press [Enter] to proceed</msg>
<msg timestamp="20240616 00:27:00.201" level="INFO">.</msg>
<msg timestamp="20240616 00:27:02.204" level="INFO">(y) test_PCIe_scan_stress: Stress test is ceased.Total trials: 1, fails: 0, errors: 0.Please check the log under /var/unidiag/log folder. 
[total_funcs:  1 pass: 1  skip: 0  fail: 0 ] cost    3.30s - - [PASS]

press any key to continue</msg>
<msg timestamp="20240616 00:27:02.204" level="INFO">!</msg>
<status status="PASS" starttime="20240616 00:26:51.912" endtime="20240616 00:27:02.204"/>
</kw>
<status status="PASS" starttime="20240616 00:26:51.912" endtime="20240616 00:27:02.204"/>
</kw>
<kw name="Step" library="DiagLibAdapter">
<arg>3</arg>
<arg>exit unidiag interface</arg>
<arg>DUT</arg>
<doc>when use this api/keyword , if one step fail, the following steps will not be executed</doc>
<kw name="Exit Unidiag Interface" library="DiagLibAdapter">
<arg>DUT</arg>
<msg timestamp="20240616 00:27:02.205" level="INFO">=============       &lt;&lt;&lt; Meta Unidiag Platform &gt;&gt;&gt;       ==============</msg>
<msg timestamp="20240616 00:27:07.206" level="INFO">[ a ]    auto (0)                                                  0
  [ b ]    CPU Stress (1)                                            0
  [ c ]    MEM Stress (1)                                            0
  [ d ]    PTU Stress (1)                                            0
  [ e ]    NIC Server Stress (1)                                     0
  [ f ]    NIC Client Stress (1)                                     0
  [ g ]    I2C Scan Stress (1)                                       0
  [ h ]    I2C OSFP/QSFP Scan Stress (1)                             0
  [ i ]    SPI Scan Stress (1)                                       0
  [ j ]    PCIe Scan Stress (1)                                      0
  [ k ]    FPGA Stress (1)                                           0
  [ l ]    IO Stress (1)                                             0
  [ m ]    MP2975 Monitoring Stress Test (1)                         0
  [ q ]  « Back to upper menu
 ============= [              Stress Test               ] =============
minerva@unidiag_2.1.0:~$  press [ a b c d e f g h i j k l m ] to run a test :
&gt;&gt;&gt; 


 =============       &lt;&lt;&lt; Meta Unidiag Platform &gt;&gt;&gt;       ==============
  [ a ]    auto (0)                                                  0
  [ b ]    CPU Stress (1)                                            0
  [ c ]    MEM Stress (1)                                            0
  [ d ]    PTU Stress (1)                                            0
  [ e ]    NIC Server Stress (1)                                     0
  [ f ]    NIC Client Stress (1)                                     0
  [ g ]    I2C Scan Stress (1)                                       0
  [ h ]    I2C OSFP/QSFP Scan Stress (1)                             0
  [ i ]    SPI Scan Stress (1)                                       0
  [ j ]    PCIe Scan Stress (1)                                      0
  [ k ]    FPGA Stress (1)                                           0
  [ l ]    IO Stress (1)                                             0
  [ m ]    MP2975 Monitoring Stress Test (1)                         0
  [ q ]  « Back to upper menu
 ============= [              Stress Test               ] =============
minerva@unidiag_2.1.0:~$  press [ a b c d e f g h i j k l m ] to run a test :
&gt;&gt;&gt; 
 =============       &lt;&lt;&lt; Meta Unidiag Platform &gt;&gt;&gt;       ==============
  [ a ]    auto (0)                                                  0
  [ b ]    CPU Stress (1)                                            0
  [ c ]    MEM Stress (1)                                            0
  [ d ]    PTU Stress (1)                                            0
  [ e ]    NIC Server Stress (1)                                     0
  [ f ]    NIC Client Stress (1)                                     0
  [ g ]    I2C Scan Stress (1)                                       0
  [ h ]    I2C OSFP/QSFP Scan Stress (1)                             0
  [ i ]    SPI Scan Stress (1)                                       0
  [ j ]    PCIe Scan Stress (1)                                      0
  [ k ]    FPGA Stress (1)                                           0
  [ l ]    IO Stress (1)                                             0
  [ m ]    MP2975 Monitoring Stress Test (1)                         0
  [ q ]  « Back to upper menu
 ============= [              Stress Test               ] =============
minerva@unidiag_2.1.0:~$  press [ a b c d e f g h i j k l m ] to run a test :
&gt;&gt;&gt; 


 =============       &lt;&lt;&lt; Meta Unidiag Platform &gt;&gt;&gt;       ==============
  [ a ]    auto (0)                                                  0
  [ b ]    CPU Stress (1)                                            0
  [ c ]    MEM Stress (1)                                            0
  [ d ]    PTU Stress (1)                                            0
  [ e ]    NIC Server Stress (1)                                     0
  [ f ]    NIC Client Stress (1)                                     0
  [ g ]    I2C Scan Stress (1)                                       0
  [ h ]    I2C OSFP/QSFP Scan Stress (1)                             0
  [ i ]    SPI Scan Stress (1)                                       0
  [ j ]    PCIe Scan Stress (1)                                      0
  [ k ]    FPGA Stress (1)                                           0
  [ l ]    IO Stress (1)                                             0
  [ m ]    MP2975 Monitoring Stress Test (1)                         0
  [ q ]  « Back to upper menu
 ============= [              Stress Test               ] =============
minerva@unidiag_2.1.0:~$  press [ a b c d e f g h i j k l m ] to run a test :
&gt;&gt;&gt; 
 =============       &lt;&lt;&lt; Meta Unidiag Platform &gt;&gt;&gt;       ==============
  [ a ]    auto (0)                                                  0
  [ b ]    CPU Stress (1)                                            0
  [ c ]    MEM Stress (1)                                            0
  [ d ]    PTU Stress (1)                                            0
  [ e ]    NIC Server Stress (1)                                     0
  [ f ]    NIC Client Stress (1)                                     0
  [ g ]    I2C Scan Stress (1)                                       0
  [ h ]    I2C OSFP/QSFP Scan Stress (1)</msg>
<msg timestamp="20240616 00:27:07.270" level="INFO">0</msg>
<msg timestamp="20240616 00:27:10.199" level="INFO">[ i ]    SPI Scan Stress (1)                                       0
  [ j ]    PCIe Scan Stress (1)                                      0
  [ k ]    FPGA Stress (1)                                           0
  [ l ]    IO Stress (1)                                             0
  [ m ]    MP2975 Monitoring Stress Test (1)                         0
  [ q ]  « Back to upper menu
 ============= [              Stress Test               ] =============
minerva@unidiag_2.1.0:~$  press [ a b c d e f g h i j k l m ] to run a test :
&gt;&gt;&gt; 
 =============       &lt;&lt;&lt; Meta Unidiag Platform &gt;&gt;&gt;       ==============
  [ a ]    auto (47)                                                56
  [ b ]  » System Test (17)                                         10
  [ c ]  » Board Test (4)                                           26
  [ d ]  » FPGA Test (2)                                             5
  [ e ]  » CPLD Test (3)                                             6
  [ f ]  » Firmware Upgrade (14)                                     0
  [ g ]  » BCB Interface Test (8)                                    0
  [ h ]  » Stress Test (12)                                          0
  [ i ]    Sanity Test (23)                                          0
  [ j ]    Snapshot (1)                                              0
  [ k ]    MFG Test (22)                                             0
  [ q ]  « Exit Menu
 ============= [               Test Main                ] =============
minerva@unidiag_2.1.0:~$  press [ a b c d e f g h i j k ] to run a test :
&gt;&gt;&gt; 
 =============       &lt;&lt;&lt; Meta Unidiag Platform &gt;&gt;&gt;       ==============
  [ a ]    auto (47)                                                56
  [ b ]  » System Test (17)                                         10
  [ c ]  » Board Test (4)                                           26
  [ d ]  » FPGA Test (2)                                             5
  [ e ]  » CPLD Test (3)                                             6
  [ f ]  » Firmware Upgrade (14)                                     0
  [ g ]  » BCB Interface Test (8)                                    0
  [ h ]  » Stress Test (12)                                          0
  [ i ]    Sanity Test (23)                                          0
  [ j ]    Snapshot (1)                                              0
  [ k ]    MFG Test (22)                                             0
  [ q ]  « Exit Menu
 ============= [               Test Main                ] =============
minerva@unidiag_2.1.0:~$  press [ a b c d e f g h i j k ] to run a test :
&gt;&gt;&gt; press [Enter] to exit</msg>
<msg timestamp="20240616 00:27:10.199" level="INFO">... total cost 4.4 second.</msg>
<msg timestamp="20240616 00:27:10.199" level="INFO">
PASS: Exited from Unidiag interface successfully.
</msg>
<status status="PASS" starttime="20240616 00:27:02.205" endtime="20240616 00:27:10.199"/>
</kw>
<status status="PASS" starttime="20240616 00:27:02.204" endtime="20240616 00:27:10.199"/>
</kw>
<kw name="Log Info" library="DiagLibAdapter">
<arg>===== End of META_STRESS_COM_TCG1_02_FPGA_PCIE_Bus_Stress_Test =====</arg>
<msg timestamp="20240616 00:27:10.200" level="INFO">
===== End of META_STRESS_COM_TCG1_02_FPGA_PCIE_Bus_Stress_Test =====
</msg>
<status status="PASS" starttime="20240616 00:27:10.200" endtime="20240616 00:27:10.200"/>
</kw>
<doc>Synopsis=&gt; This test checks the function of FPGA PCIE bus.</doc>
<tag>batch1</tag>
<tag>META_STRESS_COM_TCG1_02_FPGA_PCIE_Bus_Stress_Test</tag>
<tag>test2</tag>
<status status="PASS" starttime="20240616 00:26:48.794" endtime="20240616 00:27:10.200"/>
</test>
<test id="s1-t2" name="META_STRESS_COM_TCG1_03_OpenBMC_Utility_Stability_Test" line="90">
<kw name="Log Info" library="DiagLibAdapter">
<arg>===== Start of META_STRESS_COM_TCG1_03_OpenBMC_Utility_Stability_Test =====</arg>
<msg timestamp="20240616 00:27:10.201" level="INFO">
===== Start of META_STRESS_COM_TCG1_03_OpenBMC_Utility_Stability_Test =====
</msg>
<status status="PASS" starttime="20240616 00:27:10.201" endtime="20240616 00:27:10.201"/>
</kw>
<for flavor="IN RANGE">
<var>${INDEX}</var>
<value>1</value>
<value>${MaxRepeatCount5}</value>
<iter>
<var name="${INDEX}">1</var>
<kw name="Switch To Openbmc Check Tool" library="DiagLibAdapter">
<msg timestamp="20240616 00:27:13.251" level="INFO">[root@localhost ~]# 
[root@localhost ~]# 
[root@localhost ~]# Connection closed.
root@bmc-oob:/mnt/data/MEM_TEST# 
root@bmc-oob:/mnt/data/MEM_TEST# 
root@bmc-oob:/mnt/data/MEM_TEST#</msg>
<msg timestamp="20240616 00:27:13.322" level="INFO">root@bmc-oob:/mnt/data/MEM_TEST#</msg>
<msg timestamp="20240616 00:27:13.381" level="INFO">root@bmc-oob:/mnt/data/MEM_TEST#</msg>
<msg timestamp="20240616 00:27:13.441" level="INFO">root@bmc-oob:/mnt/data/MEM_TEST#</msg>
<msg timestamp="20240616 00:27:13.984" level="INFO">root@bmc-oob:/mnt/data/MEM_TEST# 
root@bmc-oob:/mnt/data/MEM_TEST# 
root@bmc-oob:/mnt/data/MEM_TEST# 
root@bmc-oob:/mnt/data/MEM_TEST# 
root@bmc-oob:/mnt/data/MEM_TEST# 
root@bmc-oob:/mnt/data/MEM_TEST# time ls /mnt/data1/BMC_Diag/bin/
ls: /mnt/data1/BMC_Diag/bin/: No such file or directory

real	0m0.005s
user	0m0.005s
sys	0m0.001s</msg>
<msg timestamp="20240616 00:27:13.985" level="INFO">
/mnt/data1/BMC_Diag/bin/ does not exist
</msg>
<msg timestamp="20240616 00:27:14.071" level="INFO">root@bmc-oob:/mnt/data/MEM_TEST#</msg>
<msg timestamp="20240616 00:27:14.131" level="INFO">root@bmc-oob:/mnt/data/MEM_TEST#</msg>
<msg timestamp="20240616 00:27:14.469" level="INFO">root@bmc-oob:/mnt/data/MEM_TEST# 
root@bmc-oob:/mnt/data/MEM_TEST# 
root@bmc-oob:/mnt/data/MEM_TEST# 
root@bmc-oob:/mnt/data/MEM_TEST# time ls /mnt/data1/

real	0m0.005s
user	0m0.005s
sys	0m0.001s</msg>
<msg timestamp="20240616 00:27:14.470" level="INFO">
PASS: /mnt/data1/ exists
</msg>
<msg timestamp="20240616 00:27:14.470" level="INFO">
/mnt/data1/ exists
</msg>
<msg timestamp="20240616 00:27:14.470" level="INFO">
/mnt/data1/ exists, no need to mount data
</msg>
<status status="PASS" starttime="20240616 00:27:10.202" endtime="20240616 00:27:14.470"/>
</kw>
<kw name="Step" library="DiagLibAdapter">
<arg>1</arg>
<arg>run openbmc utility test</arg>
<arg>DUT</arg>
<arg>${fw_util_tool}</arg>
<arg>${fw_util_optionStr}</arg>
<doc>when use this api/keyword , if one step fail, the following steps will not be executed</doc>
<kw name="Run Openbmc Utility Test" library="DiagLibAdapter">
<arg>DUT</arg>
<arg>fw-util</arg>
<arg>all --version</arg>
<msg timestamp="20240616 00:27:14.521" level="INFO">root@bmc-oob:/mnt/data/MEM_TEST#</msg>
<msg timestamp="20240616 00:27:16.528" level="INFO">root@bmc-oob:/mnt/data/MEM_TEST# 
root@bmc-oob:/mnt/data/MEM_TEST# 
root@bmc-oob:/mnt/data/MEM_TEST# 
root@bmc-oob:/mnt/data/MEM_TEST# 
root@bmc-oob:/mnt/data/MEM_TEST# fw-util all --version
ALTBMC Version: NA
ALTBMC Version After Activated: NA
BMC Version: janga-v2.00
BMC Version After Activated: janga-v2.00
Fan Speed Controller Version: NA
TPM Version: 7.85
root@bmc-oob:/mnt/data/MEM_TEST#</msg>
<msg timestamp="20240616 00:27:19.532" level="INFO">root@bmc-oob:/mnt/data/MEM_TEST#</msg>
<msg timestamp="20240616 00:27:19.533" level="INFO">
output=[root@bmc.*root@bmc-oob:/mnt/data/MEM_TEST# 
root@bmc-oob:/mnt/data/MEM_TEST# 
root@bmc-oob:/mnt/data/MEM_TEST# 
root@bmc-oob:/mnt/data/MEM_TEST# 
root@bmc-oob:/mnt/data/MEM_TEST# fw-util all --version
ALTBMC Version: NA
ALTBMC Version After Activated: NA
BMC Version: janga-v2.00
BMC Version After Activated: janga-v2.00
Fan Speed Controller Version: NA
TPM Version: 7.85
root@bmc-oob:/mnt/data/MEM_TEST# 
root@bmc-oob:/mnt/data/MEM_TEST# ]
</msg>
<msg timestamp="20240616 00:27:19.533" level="INFO">
Checking 'fw-util' output...
</msg>
<msg timestamp="20240616 00:27:19.533" level="INFO">
PASS: Checked 'fw-util' output OK.
</msg>
<msg timestamp="20240616 00:27:31.648" level="INFO">root@bmc-oob:/mnt/data/MEM_TEST# sol.sh 

------------------TERMINAL MULTIPLEXER---------------------
  CTRL-l ?   : Display help message.
  CTRL-l x : Terminate the connection.
  /var/log/mTerm_wedge.log : Log location
  CTRL-l + b : Send Break

-----------------------------------------------------------

[root@localhost ~]# 
[root@localhost ~]#</msg>
<msg timestamp="20240616 00:27:32.651" level="INFO">[root@localhost ~]#</msg>
<msg timestamp="20240616 00:27:32.716" level="INFO">[root@localhost ~]#</msg>
<status status="PASS" starttime="20240616 00:27:14.472" endtime="20240616 00:27:32.716"/>
</kw>
<status status="PASS" starttime="20240616 00:27:14.470" endtime="20240616 00:27:32.716"/>
</kw>
<status status="PASS" starttime="20240616 00:27:10.202" endtime="20240616 00:27:32.716"/>
</iter>
<iter>
<var name="${INDEX}">2</var>
<kw name="Switch To Openbmc Check Tool" library="DiagLibAdapter">
<msg timestamp="20240616 00:27:35.725" level="INFO">[root@localhost ~]# 
[root@localhost ~]# 
[root@localhost ~]# [H[J[root@localhost ~]# x
-bash: x: command not found
[root@localhost ~]# 
[root@localhost ~]#</msg>
<msg timestamp="20240616 00:27:35.791" level="INFO">[root@localhost ~]#</msg>
<msg timestamp="20240616 00:27:35.791" level="INFO">[root@localhost ~]#</msg>
<msg timestamp="20240616 00:27:41.398" level="INFO">[root@localhost ~]# Connection closed.
root@bmc-oob:/mnt/data/MEM_TEST# 
root@bmc-oob:/mnt/data/MEM_TEST#</msg>
<msg timestamp="20240616 00:27:42.400" level="INFO">root@bmc-oob:/mnt/data/MEM_TEST#</msg>
<msg timestamp="20240616 00:27:42.481" level="INFO">root@bmc-oob:/mnt/data/MEM_TEST#</msg>
<msg timestamp="20240616 00:27:42.541" level="INFO">root@bmc-oob:/mnt/data/MEM_TEST#</msg>
<msg timestamp="20240616 00:27:43.028" level="INFO">root@bmc-oob:/mnt/data/MEM_TEST# 
root@bmc-oob:/mnt/data/MEM_TEST# 
root@bmc-oob:/mnt/data/MEM_TEST# 
root@bmc-oob:/mnt/data/MEM_TEST# 
root@bmc-oob:/mnt/data/MEM_TEST# time ls /mnt/data1/BMC_Diag/bin/
ls: /mnt/data1/BMC_Diag/bin/: No such file or directory

real	0m0.005s
user	0m0.005s
sys	0m0.001s</msg>
<msg timestamp="20240616 00:27:43.028" level="INFO">
/mnt/data1/BMC_Diag/bin/ does not exist
</msg>
<msg timestamp="20240616 00:27:43.111" level="INFO">root@bmc-oob:/mnt/data/MEM_TEST#</msg>
<msg timestamp="20240616 00:27:43.171" level="INFO">root@bmc-oob:/mnt/data/MEM_TEST#</msg>
<msg timestamp="20240616 00:27:43.509" level="INFO">root@bmc-oob:/mnt/data/MEM_TEST# 
root@bmc-oob:/mnt/data/MEM_TEST# 
root@bmc-oob:/mnt/data/MEM_TEST# 
root@bmc-oob:/mnt/data/MEM_TEST# time ls /mnt/data1/

real	0m0.005s
user	0m0.005s
sys	0m0.001s</msg>
<msg timestamp="20240616 00:27:43.510" level="INFO">
PASS: /mnt/data1/ exists
</msg>
<msg timestamp="20240616 00:27:43.510" level="INFO">
/mnt/data1/ exists
</msg>
<msg timestamp="20240616 00:27:43.510" level="INFO">
/mnt/data1/ exists, no need to mount data
</msg>
<status status="PASS" starttime="20240616 00:27:32.717" endtime="20240616 00:27:43.510"/>
</kw>
<kw name="Step" library="DiagLibAdapter">
<arg>1</arg>
<arg>run openbmc utility test</arg>
<arg>DUT</arg>
<arg>${fw_util_tool}</arg>
<arg>${fw_util_optionStr}</arg>
<doc>when use this api/keyword , if one step fail, the following steps will not be executed</doc>
<kw name="Run Openbmc Utility Test" library="DiagLibAdapter">
<arg>DUT</arg>
<arg>fw-util</arg>
<arg>all --version</arg>
<msg timestamp="20240616 00:27:43.561" level="INFO">root@bmc-oob:/mnt/data/MEM_TEST#</msg>
<msg timestamp="20240616 00:27:45.566" level="INFO">root@bmc-oob:/mnt/data/MEM_TEST# 
root@bmc-oob:/mnt/data/MEM_TEST# 
root@bmc-oob:/mnt/data/MEM_TEST# 
root@bmc-oob:/mnt/data/MEM_TEST# 
root@bmc-oob:/mnt/data/MEM_TEST# fw-util all --version
ALTBMC Version: NA
ALTBMC Version After Activated: NA
BMC Version: janga-v2.00
BMC Version After Activated: janga-v2.00
Fan Speed Controller Version: NA
TPM Version: 7.85
root@bmc-oob:/mnt/data/MEM_TEST#</msg>
<msg timestamp="20240616 00:27:48.570" level="INFO">root@bmc-oob:/mnt/data/MEM_TEST#</msg>
<msg timestamp="20240616 00:27:48.571" level="INFO">
output=[root@bmc.*root@bmc-oob:/mnt/data/MEM_TEST# 
root@bmc-oob:/mnt/data/MEM_TEST# 
root@bmc-oob:/mnt/data/MEM_TEST# 
root@bmc-oob:/mnt/data/MEM_TEST# 
root@bmc-oob:/mnt/data/MEM_TEST# fw-util all --version
ALTBMC Version: NA
ALTBMC Version After Activated: NA
BMC Version: janga-v2.00
BMC Version After Activated: janga-v2.00
Fan Speed Controller Version: NA
TPM Version: 7.85
root@bmc-oob:/mnt/data/MEM_TEST# 
root@bmc-oob:/mnt/data/MEM_TEST# ]
</msg>
<msg timestamp="20240616 00:27:48.571" level="INFO">
Checking 'fw-util' output...
</msg>
<msg timestamp="20240616 00:27:48.571" level="INFO">
PASS: Checked 'fw-util' output OK.
</msg>
<msg timestamp="20240616 00:28:00.686" level="INFO">root@bmc-oob:/mnt/data/MEM_TEST# sol.sh 

------------------TERMINAL MULTIPLEXER---------------------
  CTRL-l ?   : Display help message.
  CTRL-l x : Terminate the connection.
  /var/log/mTerm_wedge.log : Log location
  CTRL-l + b : Send Break

-----------------------------------------------------------

[root@localhost ~]# 
[root@localhost ~]#</msg>
<msg timestamp="20240616 00:28:01.689" level="INFO">[root@localhost ~]#</msg>
<msg timestamp="20240616 00:28:01.754" level="INFO">[root@localhost ~]#</msg>
<status status="PASS" starttime="20240616 00:27:43.511" endtime="20240616 00:28:01.754"/>
</kw>
<status status="PASS" starttime="20240616 00:27:43.510" endtime="20240616 00:28:01.754"/>
</kw>
<status status="PASS" starttime="20240616 00:27:32.717" endtime="20240616 00:28:01.754"/>
</iter>
<iter>
<var name="${INDEX}">3</var>
<kw name="Switch To Openbmc Check Tool" library="DiagLibAdapter">
<msg timestamp="20240616 00:28:04.763" level="INFO">[root@localhost ~]# 
[root@localhost ~]# 
[root@localhost ~]# [H[J[root@localhost ~]# x
-bash: x: command not found
[root@localhost ~]# 
[root@localhost ~]#</msg>
<msg timestamp="20240616 00:28:04.829" level="INFO">[root@localhost ~]#</msg>
<msg timestamp="20240616 00:28:04.829" level="INFO">[root@localhost ~]#</msg>
<msg timestamp="20240616 00:28:10.434" level="INFO">[root@localhost ~]# Connection closed.
root@bmc-oob:/mnt/data/MEM_TEST# 
root@bmc-oob:/mnt/data/MEM_TEST#</msg>
<msg timestamp="20240616 00:28:11.436" level="INFO">root@bmc-oob:/mnt/data/MEM_TEST#</msg>
<msg timestamp="20240616 00:28:11.511" level="INFO">root@bmc-oob:/mnt/data/MEM_TEST#</msg>
<msg timestamp="20240616 00:28:11.571" level="INFO">root@bmc-oob:/mnt/data/MEM_TEST#</msg>
<msg timestamp="20240616 00:28:12.054" level="INFO">root@bmc-oob:/mnt/data/MEM_TEST# 
root@bmc-oob:/mnt/data/MEM_TEST# 
root@bmc-oob:/mnt/data/MEM_TEST# 
root@bmc-oob:/mnt/data/MEM_TEST# 
root@bmc-oob:/mnt/data/MEM_TEST# time ls /mnt/data1/BMC_Diag/bin/
ls: /mnt/data1/BMC_Diag/bin/: No such file or directory

real	0m0.005s
user	0m0.005s
sys	0m0.001s</msg>
<msg timestamp="20240616 00:28:12.054" level="INFO">
/mnt/data1/BMC_Diag/bin/ does not exist
</msg>
<msg timestamp="20240616 00:28:12.111" level="INFO">root@bmc-oob:/mnt/data/MEM_TEST#</msg>
<msg timestamp="20240616 00:28:12.171" level="INFO">root@bmc-oob:/mnt/data/MEM_TEST#</msg>
<msg timestamp="20240616 00:28:12.509" level="INFO">root@bmc-oob:/mnt/data/MEM_TEST# 
root@bmc-oob:/mnt/data/MEM_TEST# 
root@bmc-oob:/mnt/data/MEM_TEST# 
root@bmc-oob:/mnt/data/MEM_TEST# time ls /mnt/data1/

real	0m0.005s
user	0m0.005s
sys	0m0.001s</msg>
<msg timestamp="20240616 00:28:12.509" level="INFO">
PASS: /mnt/data1/ exists
</msg>
<msg timestamp="20240616 00:28:12.510" level="INFO">
/mnt/data1/ exists
</msg>
<msg timestamp="20240616 00:28:12.510" level="INFO">
/mnt/data1/ exists, no need to mount data
</msg>
<status status="PASS" starttime="20240616 00:28:01.755" endtime="20240616 00:28:12.510"/>
</kw>
<kw name="Step" library="DiagLibAdapter">
<arg>1</arg>
<arg>run openbmc utility test</arg>
<arg>DUT</arg>
<arg>${fw_util_tool}</arg>
<arg>${fw_util_optionStr}</arg>
<doc>when use this api/keyword , if one step fail, the following steps will not be executed</doc>
<kw name="Run Openbmc Utility Test" library="DiagLibAdapter">
<arg>DUT</arg>
<arg>fw-util</arg>
<arg>all --version</arg>
<msg timestamp="20240616 00:28:12.561" level="INFO">root@bmc-oob:/mnt/data/MEM_TEST#</msg>
<msg timestamp="20240616 00:28:14.566" level="INFO">root@bmc-oob:/mnt/data/MEM_TEST# 
root@bmc-oob:/mnt/data/MEM_TEST# 
root@bmc-oob:/mnt/data/MEM_TEST# 
root@bmc-oob:/mnt/data/MEM_TEST# 
root@bmc-oob:/mnt/data/MEM_TEST# fw-util all --version
ALTBMC Version: NA
ALTBMC Version After Activated: NA
BMC Version: janga-v2.00
BMC Version After Activated: janga-v2.00
Fan Speed Controller Version: NA
TPM Version: 7.85
root@bmc-oob:/mnt/data/MEM_TEST#</msg>
<msg timestamp="20240616 00:28:17.570" level="INFO">root@bmc-oob:/mnt/data/MEM_TEST#</msg>
<msg timestamp="20240616 00:28:17.570" level="INFO">
output=[root@bmc.*root@bmc-oob:/mnt/data/MEM_TEST# 
root@bmc-oob:/mnt/data/MEM_TEST# 
root@bmc-oob:/mnt/data/MEM_TEST# 
root@bmc-oob:/mnt/data/MEM_TEST# 
root@bmc-oob:/mnt/data/MEM_TEST# fw-util all --version
ALTBMC Version: NA
ALTBMC Version After Activated: NA
BMC Version: janga-v2.00
BMC Version After Activated: janga-v2.00
Fan Speed Controller Version: NA
TPM Version: 7.85
root@bmc-oob:/mnt/data/MEM_TEST# 
root@bmc-oob:/mnt/data/MEM_TEST# ]
</msg>
<msg timestamp="20240616 00:28:17.570" level="INFO">
Checking 'fw-util' output...
</msg>
<msg timestamp="20240616 00:28:17.571" level="INFO">
PASS: Checked 'fw-util' output OK.
</msg>
<msg timestamp="20240616 00:28:29.685" level="INFO">root@bmc-oob:/mnt/data/MEM_TEST# sol.sh 

------------------TERMINAL MULTIPLEXER---------------------
  CTRL-l ?   : Display help message.
  CTRL-l x : Terminate the connection.
  /var/log/mTerm_wedge.log : Log location
  CTRL-l + b : Send Break

-----------------------------------------------------------

[root@localhost ~]# 
[root@localhost ~]#</msg>
<msg timestamp="20240616 00:28:30.687" level="INFO">[root@localhost ~]#</msg>
<msg timestamp="20240616 00:28:30.727" level="INFO">[root@localhost ~]#</msg>
<status status="PASS" starttime="20240616 00:28:12.511" endtime="20240616 00:28:30.727"/>
</kw>
<status status="PASS" starttime="20240616 00:28:12.510" endtime="20240616 00:28:30.727"/>
</kw>
<status status="PASS" starttime="20240616 00:28:01.755" endtime="20240616 00:28:30.727"/>
</iter>
<iter>
<var name="${INDEX}">4</var>
<kw name="Switch To Openbmc Check Tool" library="DiagLibAdapter">
<msg timestamp="20240616 00:28:33.737" level="INFO">[root@localhost ~]# 
[root@localhost ~]# 
[root@localhost ~]# Connection closed.
root@bmc-oob:/mnt/data/MEM_TEST# 
root@bmc-oob:/mnt/data/MEM_TEST# 
root@bmc-oob:/mnt/data/MEM_TEST#</msg>
<msg timestamp="20240616 00:28:33.811" level="INFO">root@bmc-oob:/mnt/data/MEM_TEST#</msg>
<msg timestamp="20240616 00:28:33.871" level="INFO">root@bmc-oob:/mnt/data/MEM_TEST#</msg>
<msg timestamp="20240616 00:28:33.931" level="INFO">root@bmc-oob:/mnt/data/MEM_TEST#</msg>
<msg timestamp="20240616 00:28:34.474" level="INFO">root@bmc-oob:/mnt/data/MEM_TEST# 
root@bmc-oob:/mnt/data/MEM_TEST# 
root@bmc-oob:/mnt/data/MEM_TEST# 
root@bmc-oob:/mnt/data/MEM_TEST# 
root@bmc-oob:/mnt/data/MEM_TEST# 
root@bmc-oob:/mnt/data/MEM_TEST# time ls /mnt/data1/BMC_Diag/bin/
ls: /mnt/data1/BMC_Diag/bin/: No such file or directory

real	0m0.005s
user	0m0.005s
sys	0m0.001s</msg>
<msg timestamp="20240616 00:28:34.474" level="INFO">
/mnt/data1/BMC_Diag/bin/ does not exist
</msg>
<msg timestamp="20240616 00:28:34.561" level="INFO">root@bmc-oob:/mnt/data/MEM_TEST#</msg>
<msg timestamp="20240616 00:28:34.621" level="INFO">root@bmc-oob:/mnt/data/MEM_TEST#</msg>
<msg timestamp="20240616 00:28:34.959" level="INFO">root@bmc-oob:/mnt/data/MEM_TEST# 
root@bmc-oob:/mnt/data/MEM_TEST# 
root@bmc-oob:/mnt/data/MEM_TEST# 
root@bmc-oob:/mnt/data/MEM_TEST# time ls /mnt/data1/

real	0m0.005s
user	0m0.005s
sys	0m0.001s</msg>
<msg timestamp="20240616 00:28:34.959" level="INFO">
PASS: /mnt/data1/ exists
</msg>
<msg timestamp="20240616 00:28:34.959" level="INFO">
/mnt/data1/ exists
</msg>
<msg timestamp="20240616 00:28:34.959" level="INFO">
/mnt/data1/ exists, no need to mount data
</msg>
<status status="PASS" starttime="20240616 00:28:30.728" endtime="20240616 00:28:34.960"/>
</kw>
<kw name="Step" library="DiagLibAdapter">
<arg>1</arg>
<arg>run openbmc utility test</arg>
<arg>DUT</arg>
<arg>${fw_util_tool}</arg>
<arg>${fw_util_optionStr}</arg>
<doc>when use this api/keyword , if one step fail, the following steps will not be executed</doc>
<kw name="Run Openbmc Utility Test" library="DiagLibAdapter">
<arg>DUT</arg>
<arg>fw-util</arg>
<arg>all --version</arg>
<msg timestamp="20240616 00:28:35.011" level="INFO">root@bmc-oob:/mnt/data/MEM_TEST#</msg>
<msg timestamp="20240616 00:28:37.016" level="INFO">root@bmc-oob:/mnt/data/MEM_TEST# 
root@bmc-oob:/mnt/data/MEM_TEST# 
root@bmc-oob:/mnt/data/MEM_TEST# 
root@bmc-oob:/mnt/data/MEM_TEST# 
root@bmc-oob:/mnt/data/MEM_TEST# fw-util all --version
ALTBMC Version: NA
ALTBMC Version After Activated: NA
BMC Version: janga-v2.00
BMC Version After Activated: janga-v2.00
Fan Speed Controller Version: NA
TPM Version: 7.85
root@bmc-oob:/mnt/data/MEM_TEST#</msg>
<msg timestamp="20240616 00:28:40.019" level="INFO">root@bmc-oob:/mnt/data/MEM_TEST#</msg>
<msg timestamp="20240616 00:28:40.020" level="INFO">
output=[root@bmc.*root@bmc-oob:/mnt/data/MEM_TEST# 
root@bmc-oob:/mnt/data/MEM_TEST# 
root@bmc-oob:/mnt/data/MEM_TEST# 
root@bmc-oob:/mnt/data/MEM_TEST# 
root@bmc-oob:/mnt/data/MEM_TEST# fw-util all --version
ALTBMC Version: NA
ALTBMC Version After Activated: NA
BMC Version: janga-v2.00
BMC Version After Activated: janga-v2.00
Fan Speed Controller Version: NA
TPM Version: 7.85
root@bmc-oob:/mnt/data/MEM_TEST# 
root@bmc-oob:/mnt/data/MEM_TEST# ]
</msg>
<msg timestamp="20240616 00:28:40.020" level="INFO">
Checking 'fw-util' output...
</msg>
<msg timestamp="20240616 00:28:40.020" level="INFO">
PASS: Checked 'fw-util' output OK.
</msg>
<msg timestamp="20240616 00:28:52.135" level="INFO">root@bmc-oob:/mnt/data/MEM_TEST# sol.sh 

------------------TERMINAL MULTIPLEXER---------------------
  CTRL-l ?   : Display help message.
  CTRL-l x : Terminate the connection.
  /var/log/mTerm_wedge.log : Log location
  CTRL-l + b : Send Break

-----------------------------------------------------------

[root@localhost ~]# 
[root@localhost ~]#</msg>
<msg timestamp="20240616 00:28:53.137" level="INFO">[root@localhost ~]#</msg>
<msg timestamp="20240616 00:28:53.203" level="INFO">[root@localhost ~]#</msg>
<status status="PASS" starttime="20240616 00:28:34.961" endtime="20240616 00:28:53.203"/>
</kw>
<status status="PASS" starttime="20240616 00:28:34.960" endtime="20240616 00:28:53.203"/>
</kw>
<status status="PASS" starttime="20240616 00:28:30.728" endtime="20240616 00:28:53.203"/>
</iter>
<status status="PASS" starttime="20240616 00:27:10.201" endtime="20240616 00:28:53.203"/>
</for>
<kw name="Log Info" library="DiagLibAdapter">
<arg>===== End of META_STRESS_COM_TCG1_03_OpenBMC_Utility_Stability_Test =====</arg>
<msg timestamp="20240616 00:28:53.204" level="INFO">
===== End of META_STRESS_COM_TCG1_03_OpenBMC_Utility_Stability_Test =====
</msg>
<status status="PASS" starttime="20240616 00:28:53.204" endtime="20240616 00:28:53.205"/>
</kw>
<doc>Synopsis=&gt; This test checks the stability of openbmc utility.</doc>
<tag>batch1</tag>
<tag>META_STRESS_COM_TCG1_03_OpenBMC_Utility_Stability_Test</tag>
<tag>minerva</tag>
<tag>test3</tag>
<status status="PASS" starttime="20240616 00:27:10.200" endtime="20240616 00:28:53.205"/>
</test>
<test id="s1-t3" name="META_STRESS_COM_TCG1_04_IPMI_Interface_Stress_Test" line="104">
<kw name="Log Info" library="DiagLibAdapter">
<arg>===== Start of META_STRESS_COM_TCG1_04_IPMI_Interface_Stress_Test =====</arg>
<msg timestamp="20240616 00:28:53.208" level="INFO">
===== Start of META_STRESS_COM_TCG1_04_IPMI_Interface_Stress_Test =====
</msg>
<status status="PASS" starttime="20240616 00:28:53.207" endtime="20240616 00:28:53.208"/>
</kw>
<kw name="Set Ipmi Test Cycles" library="DiagLibAdapter">
<arg>${MaxRepeatCount10}</arg>
<msg timestamp="20240616 00:28:53.209" level="INFO">
PASS: Successfully set_ipmi_stress_cycles: [10] cycles.

</msg>
<status status="PASS" starttime="20240616 00:28:53.208" endtime="20240616 00:28:53.209"/>
</kw>
<kw name="Switch To Centos Diag Tool" library="DiagLibAdapter">
<msg timestamp="20240616 00:28:53.210" level="INFO">[root@localhost ~]#</msg>
<msg timestamp="20240616 00:29:05.324" level="INFO">[root@localhost ~]# 
[root@localhost ~]# 
[root@localhost ~]# sol.sh 
-bash: sol.sh: command not found
[root@localhost ~]# 
[root@localhost ~]# 
[root@localhost ~]# 
[root@localhost ~]# 
[root@localhost ~]#</msg>
<msg timestamp="20240616 00:29:06.326" level="INFO">[root@localhost ~]#</msg>
<msg timestamp="20240616 00:29:06.392" level="INFO">[root@localhost ~]#</msg>
<status status="PASS" starttime="20240616 00:28:53.209" endtime="20240616 00:29:06.392"/>
</kw>
<kw name="Minipack2 Run Ipmi Command Stress Test" library="DiagLibAdapter">
<msg timestamp="20240616 00:29:06.393" level="INFO">[root@localhost ~]#</msg>
<msg timestamp="20240616 00:29:06.625" level="INFO">[root@localhost ~]#</msg>
<msg timestamp="20240616 00:29:07.627" level="INFO">
************************************************************
</msg>
<msg timestamp="20240616 00:29:07.627" level="INFO">
*** Test Repeat Loop #: 1 / 10 ***
</msg>
<msg timestamp="20240616 00:29:07.627" level="INFO">
************************************************************
</msg>
<msg timestamp="20240616 00:29:07.629" level="INFO">[root@localhost ~]# cd /usr/local/cls_diag/bin/
-bash: cd: /usr/local/cls_diag/bin/: No such file or directory


[root@localhost ~]# 
[root@localhost ~]# 
[root@localhost ~]# 
[root@localhost ~]# 
[root@localhost ~]# cd /usr/bin/
[root@localhost bin]#</msg>
<msg timestamp="20240616 00:29:07.698" level="INFO">[root@localhost bin]#</msg>
<msg timestamp="20240616 00:29:07.699" level="INFO">[root@localhost bin]#</msg>
<msg timestamp="20240616 00:29:09.704" level="INFO">[root@localhost bin]# 
[root@localhost bin]# 
[root@localhost bin]# ./ipmitool mc info
Device ID                 : 32
Device Revision           : 1
Firmware Revision         : 2.00
IPMI Version              : 2.0
Manufacturer ID           : 40981
Manufacturer Name         : Unknown (0xA015)
Product ID                : 12614 (0x3146)
Product Name              : Unknown (0x3146)
Device Available          : yes
Provides Device SDRs      : yes
Additional Device Support :
    Sensor Device
    SDR Repository Device
    SEL Device
    FRU Inventory Device
    IPMB Event Receiver
    IPMB Event Generator
    Chassis Device
Aux Firmware Rev Info     : 
    0x00
    0x00
    0x00
    0x00
[root@localhost bin]#</msg>
<msg timestamp="20240616 00:29:12.707" level="INFO">[root@localhost bin]#</msg>
<msg timestamp="20240616 00:29:12.708" level="INFO">
Checking 'ipmitool' output...
</msg>
<msg timestamp="20240616 00:29:12.709" level="INFO">
Found: Device ID                 : 32
</msg>
<msg timestamp="20240616 00:29:12.709" level="INFO">
Found: Device Revision           : 1
</msg>
<msg timestamp="20240616 00:29:12.710" level="INFO">
Found: Firmware Revision         : 2.00
</msg>
<msg timestamp="20240616 00:29:12.711" level="INFO">
Found: IPMI Version              : 2.0
</msg>
<msg timestamp="20240616 00:29:12.712" level="INFO">
Found: Manufacturer ID           : 40981
</msg>
<msg timestamp="20240616 00:29:12.713" level="INFO">
Found: Manufacturer Name         : Unknown (0xA015)
</msg>
<msg timestamp="20240616 00:29:12.713" level="INFO">
Found: Product ID                : 12614 (0x3146)
</msg>
<msg timestamp="20240616 00:29:12.714" level="INFO">
Found: Product Name              : Unknown (0x3146)
</msg>
<msg timestamp="20240616 00:29:12.715" level="INFO">
Found: Device Available          : yes
</msg>
<msg timestamp="20240616 00:29:12.715" level="INFO">
Found: Provides Device SDRs      : yes
</msg>
<msg timestamp="20240616 00:29:12.716" level="INFO">
Found: Additional Device Support :
</msg>
<msg timestamp="20240616 00:29:12.716" level="INFO">
Found: Sensor Device
</msg>
<msg timestamp="20240616 00:29:12.717" level="INFO">
Found: SDR Repository Device
</msg>
<msg timestamp="20240616 00:29:12.717" level="INFO">
Found: SEL Device
</msg>
<msg timestamp="20240616 00:29:12.718" level="INFO">
Found: FRU Inventory Device
</msg>
<msg timestamp="20240616 00:29:12.718" level="INFO">
Found: IPMB Event Receiver
</msg>
<msg timestamp="20240616 00:29:12.718" level="INFO">
Found: IPMB Event Generator
</msg>
<msg timestamp="20240616 00:29:12.719" level="INFO">
Found: Chassis Device
</msg>
<msg timestamp="20240616 00:29:12.719" level="INFO">
Found: Aux Firmware Rev Info     :
</msg>
<msg timestamp="20240616 00:29:12.720" level="INFO">
Found: 0x00
</msg>
<msg timestamp="20240616 00:29:12.720" level="INFO">
Found: 0x00
</msg>
<msg timestamp="20240616 00:29:12.720" level="INFO">
Found: 0x00
</msg>
<msg timestamp="20240616 00:29:12.720" level="INFO">
Found: 0x00
</msg>
<msg timestamp="20240616 00:29:12.720" level="INFO">
PASS: Checked 'ipmitool' output: PASSED.
</msg>
<msg timestamp="20240616 00:29:12.721" level="INFO">
***Time elapsed: [5] seconds***
</msg>
<msg timestamp="20240616 00:29:12.721" level="INFO">
************************************************************
</msg>
<msg timestamp="20240616 00:29:12.721" level="INFO">
*** Test Repeat Loop #: 2 / 10 ***
</msg>
<msg timestamp="20240616 00:29:12.721" level="INFO">
************************************************************
</msg>
<msg timestamp="20240616 00:29:12.791" level="INFO">[root@localhost bin]#</msg>
<msg timestamp="20240616 00:29:12.792" level="INFO">[root@localhost bin]#</msg>
<msg timestamp="20240616 00:29:14.797" level="INFO">[root@localhost bin]# 
[root@localhost bin]# 
[root@localhost bin]# ./ipmitool mc info
Device ID                 : 32
Device Revision           : 1
Firmware Revision         : 2.00
IPMI Version              : 2.0
Manufacturer ID           : 40981
Manufacturer Name         : Unknown (0xA015)
Product ID                : 12614 (0x3146)
Product Name              : Unknown (0x3146)
Device Available          : yes
Provides Device SDRs      : yes
Additional Device Support :
    Sensor Device
    SDR Repository Device
    SEL Device
    FRU Inventory Device
    IPMB Event Receiver
    IPMB Event Generator
    Chassis Device
Aux Firmware Rev Info     : 
    0x00
    0x00
    0x00
    0x00
[root@localhost bin]#</msg>
<msg timestamp="20240616 00:29:17.801" level="INFO">[root@localhost bin]#</msg>
<msg timestamp="20240616 00:29:17.802" level="INFO">
Checking 'ipmitool' output...
</msg>
<msg timestamp="20240616 00:29:17.802" level="INFO">
Found: Device ID                 : 32
</msg>
<msg timestamp="20240616 00:29:17.802" level="INFO">
Found: Device Revision           : 1
</msg>
<msg timestamp="20240616 00:29:17.802" level="INFO">
Found: Firmware Revision         : 2.00
</msg>
<msg timestamp="20240616 00:29:17.802" level="INFO">
Found: IPMI Version              : 2.0
</msg>
<msg timestamp="20240616 00:29:17.803" level="INFO">
Found: Manufacturer ID           : 40981
</msg>
<msg timestamp="20240616 00:29:17.803" level="INFO">
Found: Manufacturer Name         : Unknown (0xA015)
</msg>
<msg timestamp="20240616 00:29:17.803" level="INFO">
Found: Product ID                : 12614 (0x3146)
</msg>
<msg timestamp="20240616 00:29:17.803" level="INFO">
Found: Product Name              : Unknown (0x3146)
</msg>
<msg timestamp="20240616 00:29:17.803" level="INFO">
Found: Device Available          : yes
</msg>
<msg timestamp="20240616 00:29:17.804" level="INFO">
Found: Provides Device SDRs      : yes
</msg>
<msg timestamp="20240616 00:29:17.804" level="INFO">
Found: Additional Device Support :
</msg>
<msg timestamp="20240616 00:29:17.804" level="INFO">
Found: Sensor Device
</msg>
<msg timestamp="20240616 00:29:17.804" level="INFO">
Found: SDR Repository Device
</msg>
<msg timestamp="20240616 00:29:17.804" level="INFO">
Found: SEL Device
</msg>
<msg timestamp="20240616 00:29:17.805" level="INFO">
Found: FRU Inventory Device
</msg>
<msg timestamp="20240616 00:29:17.805" level="INFO">
Found: IPMB Event Receiver
</msg>
<msg timestamp="20240616 00:29:17.805" level="INFO">
Found: IPMB Event Generator
</msg>
<msg timestamp="20240616 00:29:17.805" level="INFO">
Found: Chassis Device
</msg>
<msg timestamp="20240616 00:29:17.805" level="INFO">
Found: Aux Firmware Rev Info     :
</msg>
<msg timestamp="20240616 00:29:17.806" level="INFO">
Found: 0x00
</msg>
<msg timestamp="20240616 00:29:17.806" level="INFO">
Found: 0x00
</msg>
<msg timestamp="20240616 00:29:17.806" level="INFO">
Found: 0x00
</msg>
<msg timestamp="20240616 00:29:17.806" level="INFO">
Found: 0x00
</msg>
<msg timestamp="20240616 00:29:17.806" level="INFO">
PASS: Checked 'ipmitool' output: PASSED.
</msg>
<msg timestamp="20240616 00:29:17.807" level="INFO">
***Time elapsed: [10] seconds***
</msg>
<msg timestamp="20240616 00:29:17.807" level="INFO">
************************************************************
</msg>
<msg timestamp="20240616 00:29:17.807" level="INFO">
*** Test Repeat Loop #: 3 / 10 ***
</msg>
<msg timestamp="20240616 00:29:17.807" level="INFO">
************************************************************
</msg>
<msg timestamp="20240616 00:29:17.878" level="INFO">[root@localhost bin]#</msg>
<msg timestamp="20240616 00:29:17.879" level="INFO">[root@localhost bin]#</msg>
<msg timestamp="20240616 00:29:19.884" level="INFO">[root@localhost bin]# 
[root@localhost bin]# 
[root@localhost bin]# ./ipmitool mc info
Device ID                 : 32
Device Revision           : 1
Firmware Revision         : 2.00
IPMI Version              : 2.0
Manufacturer ID           : 40981
Manufacturer Name         : Unknown (0xA015)
Product ID                : 12614 (0x3146)
Product Name              : Unknown (0x3146)
Device Available          : yes
Provides Device SDRs      : yes
Additional Device Support :
    Sensor Device
    SDR Repository Device
    SEL Device
    FRU Inventory Device
    IPMB Event Receiver
    IPMB Event Generator
    Chassis Device
Aux Firmware Rev Info     : 
    0x00
    0x00
    0x00
    0x00
[root@localhost bin]#</msg>
<msg timestamp="20240616 00:29:22.888" level="INFO">[root@localhost bin]#</msg>
<msg timestamp="20240616 00:29:22.889" level="INFO">
Checking 'ipmitool' output...
</msg>
<msg timestamp="20240616 00:29:22.889" level="INFO">
Found: Device ID                 : 32
</msg>
<msg timestamp="20240616 00:29:22.889" level="INFO">
Found: Device Revision           : 1
</msg>
<msg timestamp="20240616 00:29:22.889" level="INFO">
Found: Firmware Revision         : 2.00
</msg>
<msg timestamp="20240616 00:29:22.889" level="INFO">
Found: IPMI Version              : 2.0
</msg>
<msg timestamp="20240616 00:29:22.890" level="INFO">
Found: Manufacturer ID           : 40981
</msg>
<msg timestamp="20240616 00:29:22.890" level="INFO">
Found: Manufacturer Name         : Unknown (0xA015)
</msg>
<msg timestamp="20240616 00:29:22.890" level="INFO">
Found: Product ID                : 12614 (0x3146)
</msg>
<msg timestamp="20240616 00:29:22.890" level="INFO">
Found: Product Name              : Unknown (0x3146)
</msg>
<msg timestamp="20240616 00:29:22.890" level="INFO">
Found: Device Available          : yes
</msg>
<msg timestamp="20240616 00:29:22.890" level="INFO">
Found: Provides Device SDRs      : yes
</msg>
<msg timestamp="20240616 00:29:22.891" level="INFO">
Found: Additional Device Support :
</msg>
<msg timestamp="20240616 00:29:22.891" level="INFO">
Found: Sensor Device
</msg>
<msg timestamp="20240616 00:29:22.891" level="INFO">
Found: SDR Repository Device
</msg>
<msg timestamp="20240616 00:29:22.891" level="INFO">
Found: SEL Device
</msg>
<msg timestamp="20240616 00:29:22.891" level="INFO">
Found: FRU Inventory Device
</msg>
<msg timestamp="20240616 00:29:22.892" level="INFO">
Found: IPMB Event Receiver
</msg>
<msg timestamp="20240616 00:29:22.892" level="INFO">
Found: IPMB Event Generator
</msg>
<msg timestamp="20240616 00:29:22.892" level="INFO">
Found: Chassis Device
</msg>
<msg timestamp="20240616 00:29:22.892" level="INFO">
Found: Aux Firmware Rev Info     :
</msg>
<msg timestamp="20240616 00:29:22.892" level="INFO">
Found: 0x00
</msg>
<msg timestamp="20240616 00:29:22.893" level="INFO">
Found: 0x00
</msg>
<msg timestamp="20240616 00:29:22.893" level="INFO">
Found: 0x00
</msg>
<msg timestamp="20240616 00:29:22.893" level="INFO">
Found: 0x00
</msg>
<msg timestamp="20240616 00:29:22.893" level="INFO">
PASS: Checked 'ipmitool' output: PASSED.
</msg>
<msg timestamp="20240616 00:29:22.893" level="INFO">
***Time elapsed: [15] seconds***
</msg>
<msg timestamp="20240616 00:29:22.894" level="INFO">
************************************************************
</msg>
<msg timestamp="20240616 00:29:22.894" level="INFO">
*** Test Repeat Loop #: 4 / 10 ***
</msg>
<msg timestamp="20240616 00:29:22.894" level="INFO">
************************************************************
</msg>
<msg timestamp="20240616 00:29:22.964" level="INFO">[root@localhost bin]#</msg>
<msg timestamp="20240616 00:29:22.965" level="INFO">[root@localhost bin]#</msg>
<msg timestamp="20240616 00:29:24.970" level="INFO">[root@localhost bin]# 
[root@localhost bin]# 
[root@localhost bin]# ./ipmitool mc info
Device ID                 : 32
Device Revision           : 1
Firmware Revision         : 2.00
IPMI Version              : 2.0
Manufacturer ID           : 40981
Manufacturer Name         : Unknown (0xA015)
Product ID                : 12614 (0x3146)
Product Name              : Unknown (0x3146)
Device Available          : yes
Provides Device SDRs      : yes
Additional Device Support :
    Sensor Device
    SDR Repository Device
    SEL Device
    FRU Inventory Device
    IPMB Event Receiver
    IPMB Event Generator
    Chassis Device
Aux Firmware Rev Info     : 
    0x00
    0x00
    0x00
    0x00
[root@localhost bin]#</msg>
<msg timestamp="20240616 00:29:27.974" level="INFO">[root@localhost bin]#</msg>
<msg timestamp="20240616 00:29:27.975" level="INFO">
Checking 'ipmitool' output...
</msg>
<msg timestamp="20240616 00:29:27.975" level="INFO">
Found: Device ID                 : 32
</msg>
<msg timestamp="20240616 00:29:27.975" level="INFO">
Found: Device Revision           : 1
</msg>
<msg timestamp="20240616 00:29:27.975" level="INFO">
Found: Firmware Revision         : 2.00
</msg>
<msg timestamp="20240616 00:29:27.975" level="INFO">
Found: IPMI Version              : 2.0
</msg>
<msg timestamp="20240616 00:29:27.976" level="INFO">
Found: Manufacturer ID           : 40981
</msg>
<msg timestamp="20240616 00:29:27.976" level="INFO">
Found: Manufacturer Name         : Unknown (0xA015)
</msg>
<msg timestamp="20240616 00:29:27.976" level="INFO">
Found: Product ID                : 12614 (0x3146)
</msg>
<msg timestamp="20240616 00:29:27.976" level="INFO">
Found: Product Name              : Unknown (0x3146)
</msg>
<msg timestamp="20240616 00:29:27.976" level="INFO">
Found: Device Available          : yes
</msg>
<msg timestamp="20240616 00:29:27.977" level="INFO">
Found: Provides Device SDRs      : yes
</msg>
<msg timestamp="20240616 00:29:27.977" level="INFO">
Found: Additional Device Support :
</msg>
<msg timestamp="20240616 00:29:27.977" level="INFO">
Found: Sensor Device
</msg>
<msg timestamp="20240616 00:29:27.977" level="INFO">
Found: SDR Repository Device
</msg>
<msg timestamp="20240616 00:29:27.977" level="INFO">
Found: SEL Device
</msg>
<msg timestamp="20240616 00:29:27.978" level="INFO">
Found: FRU Inventory Device
</msg>
<msg timestamp="20240616 00:29:27.978" level="INFO">
Found: IPMB Event Receiver
</msg>
<msg timestamp="20240616 00:29:27.978" level="INFO">
Found: IPMB Event Generator
</msg>
<msg timestamp="20240616 00:29:27.978" level="INFO">
Found: Chassis Device
</msg>
<msg timestamp="20240616 00:29:27.978" level="INFO">
Found: Aux Firmware Rev Info     :
</msg>
<msg timestamp="20240616 00:29:27.979" level="INFO">
Found: 0x00
</msg>
<msg timestamp="20240616 00:29:27.979" level="INFO">
Found: 0x00
</msg>
<msg timestamp="20240616 00:29:27.979" level="INFO">
Found: 0x00
</msg>
<msg timestamp="20240616 00:29:27.979" level="INFO">
Found: 0x00
</msg>
<msg timestamp="20240616 00:29:27.979" level="INFO">
PASS: Checked 'ipmitool' output: PASSED.
</msg>
<msg timestamp="20240616 00:29:27.980" level="INFO">
***Time elapsed: [20] seconds***
</msg>
<msg timestamp="20240616 00:29:27.980" level="INFO">
************************************************************
</msg>
<msg timestamp="20240616 00:29:27.980" level="INFO">
*** Test Repeat Loop #: 5 / 10 ***
</msg>
<msg timestamp="20240616 00:29:27.980" level="INFO">
************************************************************
</msg>
<msg timestamp="20240616 00:29:28.051" level="INFO">[root@localhost bin]#</msg>
<msg timestamp="20240616 00:29:28.052" level="INFO">[root@localhost bin]#</msg>
<msg timestamp="20240616 00:29:30.055" level="INFO">[root@localhost bin]# 
[root@localhost bin]# 
[root@localhost bin]# ./ipmitool mc info
Device ID                 : 32
Device Revision           : 1
Firmware Revision         : 2.00
IPMI Version              : 2.0
Manufacturer ID           : 40981
Manufacturer Name         : Unknown (0xA015)
Product ID                : 12614 (0x3146)
Product Name              : Unknown (0x3146)
Device Available          : yes
Provides Device SDRs      : yes
Additional Device Support :
    Sensor Device
    SDR Repository Device
    SEL Device
    FRU Inventory Device
    IPMB Event Receiver
    IPMB Event Generator
    Chassis Device
Aux Firmware Rev Info     : 
    0x00
    0x00
    0x00
    0x00
[root@localhost bin]#</msg>
<msg timestamp="20240616 00:29:33.059" level="INFO">[root@localhost bin]#</msg>
<msg timestamp="20240616 00:29:33.059" level="INFO">
Checking 'ipmitool' output...
</msg>
<msg timestamp="20240616 00:29:33.059" level="INFO">
Found: Device ID                 : 32
</msg>
<msg timestamp="20240616 00:29:33.059" level="INFO">
Found: Device Revision           : 1
</msg>
<msg timestamp="20240616 00:29:33.060" level="INFO">
Found: Firmware Revision         : 2.00
</msg>
<msg timestamp="20240616 00:29:33.060" level="INFO">
Found: IPMI Version              : 2.0
</msg>
<msg timestamp="20240616 00:29:33.060" level="INFO">
Found: Manufacturer ID           : 40981
</msg>
<msg timestamp="20240616 00:29:33.060" level="INFO">
Found: Manufacturer Name         : Unknown (0xA015)
</msg>
<msg timestamp="20240616 00:29:33.060" level="INFO">
Found: Product ID                : 12614 (0x3146)
</msg>
<msg timestamp="20240616 00:29:33.060" level="INFO">
Found: Product Name              : Unknown (0x3146)
</msg>
<msg timestamp="20240616 00:29:33.060" level="INFO">
Found: Device Available          : yes
</msg>
<msg timestamp="20240616 00:29:33.060" level="INFO">
Found: Provides Device SDRs      : yes
</msg>
<msg timestamp="20240616 00:29:33.060" level="INFO">
Found: Additional Device Support :
</msg>
<msg timestamp="20240616 00:29:33.060" level="INFO">
Found: Sensor Device
</msg>
<msg timestamp="20240616 00:29:33.060" level="INFO">
Found: SDR Repository Device
</msg>
<msg timestamp="20240616 00:29:33.060" level="INFO">
Found: SEL Device
</msg>
<msg timestamp="20240616 00:29:33.060" level="INFO">
Found: FRU Inventory Device
</msg>
<msg timestamp="20240616 00:29:33.061" level="INFO">
Found: IPMB Event Receiver
</msg>
<msg timestamp="20240616 00:29:33.061" level="INFO">
Found: IPMB Event Generator
</msg>
<msg timestamp="20240616 00:29:33.061" level="INFO">
Found: Chassis Device
</msg>
<msg timestamp="20240616 00:29:33.061" level="INFO">
Found: Aux Firmware Rev Info     :
</msg>
<msg timestamp="20240616 00:29:33.061" level="INFO">
Found: 0x00
</msg>
<msg timestamp="20240616 00:29:33.061" level="INFO">
Found: 0x00
</msg>
<msg timestamp="20240616 00:29:33.061" level="INFO">
Found: 0x00
</msg>
<msg timestamp="20240616 00:29:33.061" level="INFO">
Found: 0x00
</msg>
<msg timestamp="20240616 00:29:33.061" level="INFO">
PASS: Checked 'ipmitool' output: PASSED.
</msg>
<msg timestamp="20240616 00:29:33.061" level="INFO">
***Time elapsed: [25] seconds***
</msg>
<msg timestamp="20240616 00:29:33.061" level="INFO">
************************************************************
</msg>
<msg timestamp="20240616 00:29:33.061" level="INFO">
*** Test Repeat Loop #: 6 / 10 ***
</msg>
<msg timestamp="20240616 00:29:33.061" level="INFO">
************************************************************
</msg>
<msg timestamp="20240616 00:29:33.132" level="INFO">[root@localhost bin]#</msg>
<msg timestamp="20240616 00:29:33.132" level="INFO">[root@localhost bin]#</msg>
<msg timestamp="20240616 00:29:35.136" level="INFO">[root@localhost bin]# 
[root@localhost bin]# 
[root@localhost bin]# ./ipmitool mc info
Device ID                 : 32
Device Revision           : 1
Firmware Revision         : 2.00
IPMI Version              : 2.0
Manufacturer ID           : 40981
Manufacturer Name         : Unknown (0xA015)
Product ID                : 12614 (0x3146)
Product Name              : Unknown (0x3146)
Device Available          : yes
Provides Device SDRs      : yes
Additional Device Support :
    Sensor Device
    SDR Repository Device
    SEL Device
    FRU Inventory Device
    IPMB Event Receiver
    IPMB Event Generator
    Chassis Device
Aux Firmware Rev Info     : 
    0x00
    0x00
    0x00
    0x00
[root@localhost bin]#</msg>
<msg timestamp="20240616 00:29:38.140" level="INFO">[root@localhost bin]#</msg>
<msg timestamp="20240616 00:29:38.140" level="INFO">
Checking 'ipmitool' output...
</msg>
<msg timestamp="20240616 00:29:38.140" level="INFO">
Found: Device ID                 : 32
</msg>
<msg timestamp="20240616 00:29:38.141" level="INFO">
Found: Device Revision           : 1
</msg>
<msg timestamp="20240616 00:29:38.141" level="INFO">
Found: Firmware Revision         : 2.00
</msg>
<msg timestamp="20240616 00:29:38.141" level="INFO">
Found: IPMI Version              : 2.0
</msg>
<msg timestamp="20240616 00:29:38.141" level="INFO">
Found: Manufacturer ID           : 40981
</msg>
<msg timestamp="20240616 00:29:38.141" level="INFO">
Found: Manufacturer Name         : Unknown (0xA015)
</msg>
<msg timestamp="20240616 00:29:38.142" level="INFO">
Found: Product ID                : 12614 (0x3146)
</msg>
<msg timestamp="20240616 00:29:38.142" level="INFO">
Found: Product Name              : Unknown (0x3146)
</msg>
<msg timestamp="20240616 00:29:38.142" level="INFO">
Found: Device Available          : yes
</msg>
<msg timestamp="20240616 00:29:38.142" level="INFO">
Found: Provides Device SDRs      : yes
</msg>
<msg timestamp="20240616 00:29:38.142" level="INFO">
Found: Additional Device Support :
</msg>
<msg timestamp="20240616 00:29:38.143" level="INFO">
Found: Sensor Device
</msg>
<msg timestamp="20240616 00:29:38.143" level="INFO">
Found: SDR Repository Device
</msg>
<msg timestamp="20240616 00:29:38.143" level="INFO">
Found: SEL Device
</msg>
<msg timestamp="20240616 00:29:38.143" level="INFO">
Found: FRU Inventory Device
</msg>
<msg timestamp="20240616 00:29:38.143" level="INFO">
Found: IPMB Event Receiver
</msg>
<msg timestamp="20240616 00:29:38.144" level="INFO">
Found: IPMB Event Generator
</msg>
<msg timestamp="20240616 00:29:38.144" level="INFO">
Found: Chassis Device
</msg>
<msg timestamp="20240616 00:29:38.144" level="INFO">
Found: Aux Firmware Rev Info     :
</msg>
<msg timestamp="20240616 00:29:38.144" level="INFO">
Found: 0x00
</msg>
<msg timestamp="20240616 00:29:38.145" level="INFO">
Found: 0x00
</msg>
<msg timestamp="20240616 00:29:38.145" level="INFO">
Found: 0x00
</msg>
<msg timestamp="20240616 00:29:38.145" level="INFO">
Found: 0x00
</msg>
<msg timestamp="20240616 00:29:38.145" level="INFO">
PASS: Checked 'ipmitool' output: PASSED.
</msg>
<msg timestamp="20240616 00:29:38.145" level="INFO">
***Time elapsed: [30] seconds***
</msg>
<msg timestamp="20240616 00:29:38.146" level="INFO">
************************************************************
</msg>
<msg timestamp="20240616 00:29:38.146" level="INFO">
*** Test Repeat Loop #: 7 / 10 ***
</msg>
<msg timestamp="20240616 00:29:38.146" level="INFO">
************************************************************
</msg>
<msg timestamp="20240616 00:29:38.216" level="INFO">[root@localhost bin]#</msg>
<msg timestamp="20240616 00:29:38.217" level="INFO">[root@localhost bin]#</msg>
<msg timestamp="20240616 00:29:40.220" level="INFO">[root@localhost bin]# 
[root@localhost bin]# 
[root@localhost bin]# ./ipmitool mc info
Device ID                 : 32
Device Revision           : 1
Firmware Revision         : 2.00
IPMI Version              : 2.0
Manufacturer ID           : 40981
Manufacturer Name         : Unknown (0xA015)
Product ID                : 12614 (0x3146)
Product Name              : Unknown (0x3146)
Device Available          : yes
Provides Device SDRs      : yes
Additional Device Support :
    Sensor Device
    SDR Repository Device
    SEL Device
    FRU Inventory Device
    IPMB Event Receiver
    IPMB Event Generator
    Chassis Device
Aux Firmware Rev Info     : 
    0x00
    0x00
    0x00
    0x00
[root@localhost bin]#</msg>
<msg timestamp="20240616 00:29:43.224" level="INFO">[root@localhost bin]#</msg>
<msg timestamp="20240616 00:29:43.225" level="INFO">
Checking 'ipmitool' output...
</msg>
<msg timestamp="20240616 00:29:43.225" level="INFO">
Found: Device ID                 : 32
</msg>
<msg timestamp="20240616 00:29:43.225" level="INFO">
Found: Device Revision           : 1
</msg>
<msg timestamp="20240616 00:29:43.225" level="INFO">
Found: Firmware Revision         : 2.00
</msg>
<msg timestamp="20240616 00:29:43.225" level="INFO">
Found: IPMI Version              : 2.0
</msg>
<msg timestamp="20240616 00:29:43.226" level="INFO">
Found: Manufacturer ID           : 40981
</msg>
<msg timestamp="20240616 00:29:43.226" level="INFO">
Found: Manufacturer Name         : Unknown (0xA015)
</msg>
<msg timestamp="20240616 00:29:43.226" level="INFO">
Found: Product ID                : 12614 (0x3146)
</msg>
<msg timestamp="20240616 00:29:43.226" level="INFO">
Found: Product Name              : Unknown (0x3146)
</msg>
<msg timestamp="20240616 00:29:43.226" level="INFO">
Found: Device Available          : yes
</msg>
<msg timestamp="20240616 00:29:43.226" level="INFO">
Found: Provides Device SDRs      : yes
</msg>
<msg timestamp="20240616 00:29:43.227" level="INFO">
Found: Additional Device Support :
</msg>
<msg timestamp="20240616 00:29:43.227" level="INFO">
Found: Sensor Device
</msg>
<msg timestamp="20240616 00:29:43.227" level="INFO">
Found: SDR Repository Device
</msg>
<msg timestamp="20240616 00:29:43.227" level="INFO">
Found: SEL Device
</msg>
<msg timestamp="20240616 00:29:43.227" level="INFO">
Found: FRU Inventory Device
</msg>
<msg timestamp="20240616 00:29:43.228" level="INFO">
Found: IPMB Event Receiver
</msg>
<msg timestamp="20240616 00:29:43.228" level="INFO">
Found: IPMB Event Generator
</msg>
<msg timestamp="20240616 00:29:43.228" level="INFO">
Found: Chassis Device
</msg>
<msg timestamp="20240616 00:29:43.228" level="INFO">
Found: Aux Firmware Rev Info     :
</msg>
<msg timestamp="20240616 00:29:43.228" level="INFO">
Found: 0x00
</msg>
<msg timestamp="20240616 00:29:43.229" level="INFO">
Found: 0x00
</msg>
<msg timestamp="20240616 00:29:43.229" level="INFO">
Found: 0x00
</msg>
<msg timestamp="20240616 00:29:43.229" level="INFO">
Found: 0x00
</msg>
<msg timestamp="20240616 00:29:43.229" level="INFO">
PASS: Checked 'ipmitool' output: PASSED.
</msg>
<msg timestamp="20240616 00:29:43.229" level="INFO">
***Time elapsed: [35] seconds***
</msg>
<msg timestamp="20240616 00:29:43.229" level="INFO">
************************************************************
</msg>
<msg timestamp="20240616 00:29:43.230" level="INFO">
*** Test Repeat Loop #: 8 / 10 ***
</msg>
<msg timestamp="20240616 00:29:43.230" level="INFO">
************************************************************
</msg>
<msg timestamp="20240616 00:29:43.300" level="INFO">[root@localhost bin]#</msg>
<msg timestamp="20240616 00:29:43.301" level="INFO">[root@localhost bin]#</msg>
<msg timestamp="20240616 00:29:45.306" level="INFO">[root@localhost bin]# 
[root@localhost bin]# 
[root@localhost bin]# ./ipmitool mc info
Device ID                 : 32
Device Revision           : 1
Firmware Revision         : 2.00
IPMI Version              : 2.0
Manufacturer ID           : 40981
Manufacturer Name         : Unknown (0xA015)
Product ID                : 12614 (0x3146)
Product Name              : Unknown (0x3146)
Device Available          : yes
Provides Device SDRs      : yes
Additional Device Support :
    Sensor Device
    SDR Repository Device
    SEL Device
    FRU Inventory Device
    IPMB Event Receiver
    IPMB Event Generator
    Chassis Device
Aux Firmware Rev Info     : 
    0x00
    0x00
    0x00
    0x00
[root@localhost bin]#</msg>
<msg timestamp="20240616 00:29:48.310" level="INFO">[root@localhost bin]#</msg>
<msg timestamp="20240616 00:29:48.310" level="INFO">
Checking 'ipmitool' output...
</msg>
<msg timestamp="20240616 00:29:48.310" level="INFO">
Found: Device ID                 : 32
</msg>
<msg timestamp="20240616 00:29:48.311" level="INFO">
Found: Device Revision           : 1
</msg>
<msg timestamp="20240616 00:29:48.311" level="INFO">
Found: Firmware Revision         : 2.00
</msg>
<msg timestamp="20240616 00:29:48.311" level="INFO">
Found: IPMI Version              : 2.0
</msg>
<msg timestamp="20240616 00:29:48.311" level="INFO">
Found: Manufacturer ID           : 40981
</msg>
<msg timestamp="20240616 00:29:48.311" level="INFO">
Found: Manufacturer Name         : Unknown (0xA015)
</msg>
<msg timestamp="20240616 00:29:48.311" level="INFO">
Found: Product ID                : 12614 (0x3146)
</msg>
<msg timestamp="20240616 00:29:48.312" level="INFO">
Found: Product Name              : Unknown (0x3146)
</msg>
<msg timestamp="20240616 00:29:48.312" level="INFO">
Found: Device Available          : yes
</msg>
<msg timestamp="20240616 00:29:48.312" level="INFO">
Found: Provides Device SDRs      : yes
</msg>
<msg timestamp="20240616 00:29:48.312" level="INFO">
Found: Additional Device Support :
</msg>
<msg timestamp="20240616 00:29:48.312" level="INFO">
Found: Sensor Device
</msg>
<msg timestamp="20240616 00:29:48.313" level="INFO">
Found: SDR Repository Device
</msg>
<msg timestamp="20240616 00:29:48.313" level="INFO">
Found: SEL Device
</msg>
<msg timestamp="20240616 00:29:48.313" level="INFO">
Found: FRU Inventory Device
</msg>
<msg timestamp="20240616 00:29:48.313" level="INFO">
Found: IPMB Event Receiver
</msg>
<msg timestamp="20240616 00:29:48.313" level="INFO">
Found: IPMB Event Generator
</msg>
<msg timestamp="20240616 00:29:48.314" level="INFO">
Found: Chassis Device
</msg>
<msg timestamp="20240616 00:29:48.314" level="INFO">
Found: Aux Firmware Rev Info     :
</msg>
<msg timestamp="20240616 00:29:48.314" level="INFO">
Found: 0x00
</msg>
<msg timestamp="20240616 00:29:48.314" level="INFO">
Found: 0x00
</msg>
<msg timestamp="20240616 00:29:48.314" level="INFO">
Found: 0x00
</msg>
<msg timestamp="20240616 00:29:48.315" level="INFO">
Found: 0x00
</msg>
<msg timestamp="20240616 00:29:48.315" level="INFO">
PASS: Checked 'ipmitool' output: PASSED.
</msg>
<msg timestamp="20240616 00:29:48.315" level="INFO">
***Time elapsed: [40] seconds***
</msg>
<msg timestamp="20240616 00:29:48.315" level="INFO">
************************************************************
</msg>
<msg timestamp="20240616 00:29:48.315" level="INFO">
*** Test Repeat Loop #: 9 / 10 ***
</msg>
<msg timestamp="20240616 00:29:48.315" level="INFO">
************************************************************
</msg>
<msg timestamp="20240616 00:29:48.358" level="INFO">[root@localhost bin]#</msg>
<msg timestamp="20240616 00:29:50.364" level="INFO">[root@localhost bin]# 
[root@localhost bin]# 
[root@localhost bin]# 
[root@localhost bin]# ./ipmitool mc info
Device ID                 : 32
Device Revision           : 1
Firmware Revision         : 2.00
IPMI Version              : 2.0
Manufacturer ID           : 40981
Manufacturer Name         : Unknown (0xA015)
Product ID                : 12614 (0x3146)
Product Name              : Unknown (0x3146)
Device Available          : yes
Provides Device SDRs      : yes
Additional Device Support :
    Sensor Device
    SDR Repository Device
    SEL Device
    FRU Inventory Device
    IPMB Event Receiver
    IPMB Event Generator
    Chassis Device
Aux Firmware Rev Info     : 
    0x00
    0x00
    0x00
    0x00
[root@localhost bin]#</msg>
<msg timestamp="20240616 00:29:53.368" level="INFO">[root@localhost bin]#</msg>
<msg timestamp="20240616 00:29:53.368" level="INFO">
Checking 'ipmitool' output...
</msg>
<msg timestamp="20240616 00:29:53.369" level="INFO">
Found: Device ID                 : 32
</msg>
<msg timestamp="20240616 00:29:53.369" level="INFO">
Found: Device Revision           : 1
</msg>
<msg timestamp="20240616 00:29:53.369" level="INFO">
Found: Firmware Revision         : 2.00
</msg>
<msg timestamp="20240616 00:29:53.369" level="INFO">
Found: IPMI Version              : 2.0
</msg>
<msg timestamp="20240616 00:29:53.369" level="INFO">
Found: Manufacturer ID           : 40981
</msg>
<msg timestamp="20240616 00:29:53.370" level="INFO">
Found: Manufacturer Name         : Unknown (0xA015)
</msg>
<msg timestamp="20240616 00:29:53.370" level="INFO">
Found: Product ID                : 12614 (0x3146)
</msg>
<msg timestamp="20240616 00:29:53.370" level="INFO">
Found: Product Name              : Unknown (0x3146)
</msg>
<msg timestamp="20240616 00:29:53.370" level="INFO">
Found: Device Available          : yes
</msg>
<msg timestamp="20240616 00:29:53.370" level="INFO">
Found: Provides Device SDRs      : yes
</msg>
<msg timestamp="20240616 00:29:53.371" level="INFO">
Found: Additional Device Support :
</msg>
<msg timestamp="20240616 00:29:53.371" level="INFO">
Found: Sensor Device
</msg>
<msg timestamp="20240616 00:29:53.371" level="INFO">
Found: SDR Repository Device
</msg>
<msg timestamp="20240616 00:29:53.371" level="INFO">
Found: SEL Device
</msg>
<msg timestamp="20240616 00:29:53.371" level="INFO">
Found: FRU Inventory Device
</msg>
<msg timestamp="20240616 00:29:53.372" level="INFO">
Found: IPMB Event Receiver
</msg>
<msg timestamp="20240616 00:29:53.372" level="INFO">
Found: IPMB Event Generator
</msg>
<msg timestamp="20240616 00:29:53.372" level="INFO">
Found: Chassis Device
</msg>
<msg timestamp="20240616 00:29:53.372" level="INFO">
Found: Aux Firmware Rev Info     :
</msg>
<msg timestamp="20240616 00:29:53.372" level="INFO">
Found: 0x00
</msg>
<msg timestamp="20240616 00:29:53.373" level="INFO">
Found: 0x00
</msg>
<msg timestamp="20240616 00:29:53.373" level="INFO">
Found: 0x00
</msg>
<msg timestamp="20240616 00:29:53.373" level="INFO">
Found: 0x00
</msg>
<msg timestamp="20240616 00:29:53.373" level="INFO">
PASS: Checked 'ipmitool' output: PASSED.
</msg>
<msg timestamp="20240616 00:29:53.373" level="INFO">
***Time elapsed: [45] seconds***
</msg>
<msg timestamp="20240616 00:29:53.373" level="INFO">
************************************************************
</msg>
<msg timestamp="20240616 00:29:53.373" level="INFO">
*** Test Repeat Loop #: 10 / 10 ***
</msg>
<msg timestamp="20240616 00:29:53.374" level="INFO">
************************************************************
</msg>
<msg timestamp="20240616 00:29:53.444" level="INFO">[root@localhost bin]#</msg>
<msg timestamp="20240616 00:29:53.445" level="INFO">[root@localhost bin]#</msg>
<msg timestamp="20240616 00:29:55.450" level="INFO">[root@localhost bin]# 
[root@localhost bin]# 
[root@localhost bin]# ./ipmitool mc info
Device ID                 : 32
Device Revision           : 1
Firmware Revision         : 2.00
IPMI Version              : 2.0
Manufacturer ID           : 40981
Manufacturer Name         : Unknown (0xA015)
Product ID                : 12614 (0x3146)
Product Name              : Unknown (0x3146)
Device Available          : yes
Provides Device SDRs      : yes
Additional Device Support :
    Sensor Device
    SDR Repository Device
    SEL Device
    FRU Inventory Device
    IPMB Event Receiver
    IPMB Event Generator
    Chassis Device
Aux Firmware Rev Info     : 
    0x00
    0x00
    0x00
    0x00
[root@localhost bin]#</msg>
<msg timestamp="20240616 00:29:58.454" level="INFO">[root@localhost bin]#</msg>
<msg timestamp="20240616 00:29:58.455" level="INFO">
Checking 'ipmitool' output...
</msg>
<msg timestamp="20240616 00:29:58.455" level="INFO">
Found: Device ID                 : 32
</msg>
<msg timestamp="20240616 00:29:58.455" level="INFO">
Found: Device Revision           : 1
</msg>
<msg timestamp="20240616 00:29:58.455" level="INFO">
Found: Firmware Revision         : 2.00
</msg>
<msg timestamp="20240616 00:29:58.455" level="INFO">
Found: IPMI Version              : 2.0
</msg>
<msg timestamp="20240616 00:29:58.456" level="INFO">
Found: Manufacturer ID           : 40981
</msg>
<msg timestamp="20240616 00:29:58.456" level="INFO">
Found: Manufacturer Name         : Unknown (0xA015)
</msg>
<msg timestamp="20240616 00:29:58.456" level="INFO">
Found: Product ID                : 12614 (0x3146)
</msg>
<msg timestamp="20240616 00:29:58.456" level="INFO">
Found: Product Name              : Unknown (0x3146)
</msg>
<msg timestamp="20240616 00:29:58.456" level="INFO">
Found: Device Available          : yes
</msg>
<msg timestamp="20240616 00:29:58.457" level="INFO">
Found: Provides Device SDRs      : yes
</msg>
<msg timestamp="20240616 00:29:58.457" level="INFO">
Found: Additional Device Support :
</msg>
<msg timestamp="20240616 00:29:58.457" level="INFO">
Found: Sensor Device
</msg>
<msg timestamp="20240616 00:29:58.457" level="INFO">
Found: SDR Repository Device
</msg>
<msg timestamp="20240616 00:29:58.457" level="INFO">
Found: SEL Device
</msg>
<msg timestamp="20240616 00:29:58.457" level="INFO">
Found: FRU Inventory Device
</msg>
<msg timestamp="20240616 00:29:58.458" level="INFO">
Found: IPMB Event Receiver
</msg>
<msg timestamp="20240616 00:29:58.458" level="INFO">
Found: IPMB Event Generator
</msg>
<msg timestamp="20240616 00:29:58.458" level="INFO">
Found: Chassis Device
</msg>
<msg timestamp="20240616 00:29:58.458" level="INFO">
Found: Aux Firmware Rev Info     :
</msg>
<msg timestamp="20240616 00:29:58.458" level="INFO">
Found: 0x00
</msg>
<msg timestamp="20240616 00:29:58.459" level="INFO">
Found: 0x00
</msg>
<msg timestamp="20240616 00:29:58.459" level="INFO">
Found: 0x00
</msg>
<msg timestamp="20240616 00:29:58.459" level="INFO">
Found: 0x00
</msg>
<msg timestamp="20240616 00:29:58.459" level="INFO">
PASS: Checked 'ipmitool' output: PASSED.
</msg>
<msg timestamp="20240616 00:29:58.459" level="INFO">
***Time elapsed: [50] seconds***
</msg>
<msg timestamp="20240616 00:29:58.459" level="INFO">
PASS: Successfully perform_ipmi_interface_stress_test using 'ipmitool' tool. PASSED.
</msg>
<status status="PASS" starttime="20240616 00:29:06.392" endtime="20240616 00:29:58.460"/>
</kw>
<kw name="Log Info" library="DiagLibAdapter">
<arg>===== End of META_STRESS_COM_TCG1_04_IPMI_Interface_Stress_Test =====</arg>
<msg timestamp="20240616 00:29:58.461" level="INFO">
===== End of META_STRESS_COM_TCG1_04_IPMI_Interface_Stress_Test =====
</msg>
<status status="PASS" starttime="20240616 00:29:58.460" endtime="20240616 00:29:58.461"/>
</kw>
<doc>Synopsis=&gt; This test checks the function of IPMI interface.</doc>
<tag>batch1</tag>
<tag>META_STRESS_COM_TCG1_04_IPMI_Interface_Stress_Test</tag>
<tag>test4</tag>
<status status="PASS" starttime="20240616 00:28:53.206" endtime="20240616 00:29:58.461"/>
</test>
<test id="s1-t4" name="META_STRESS_COM_TCG1_05_COMe_NVMe_SSD_RW_Stress_Test" line="116">
<kw name="Log Info" library="DiagLibAdapter">
<arg>===== Start of META_STRESS_COM_TCG1_05_COMe_NVMe_SSD_RW_Stress_Test =====</arg>
<msg timestamp="20240616 00:29:58.464" level="INFO">
===== Start of META_STRESS_COM_TCG1_05_COMe_NVMe_SSD_RW_Stress_Test =====
</msg>
<status status="PASS" starttime="20240616 00:29:58.463" endtime="20240616 00:29:58.464"/>
</kw>
<kw name="Set Testcase Timeout">
<arg>${Timeout10000}</arg>
<kw name="Log Debug" library="DiagLibAdapter">
<arg>*** Set Testcase Timeout: ${TIMEOUT} Seconds ***</arg>
<status status="PASS" starttime="20240616 00:29:58.465" endtime="20240616 00:29:58.466"/>
</kw>
<kw name="Sleep" library="BuiltIn">
<arg>1s</arg>
<doc>Pauses the test executed for the given time.</doc>
<msg timestamp="20240616 00:29:59.467" level="INFO">Slept 1 second</msg>
<status status="PASS" starttime="20240616 00:29:58.466" endtime="20240616 00:29:59.468"/>
</kw>
<timeout value="2 hours 46 minutes 40 seconds"/>
<status status="PASS" starttime="20240616 00:29:58.464" endtime="20240616 00:29:59.468"/>
</kw>
<kw name="Set Nvme Stress Loop Time" library="DiagLibAdapter">
<arg>${StressLoopTime120}</arg>
<msg timestamp="20240616 00:29:59.470" level="INFO">
PASS: Successfully set_nvme_stress_time: [120] seconds.

</msg>
<status status="PASS" starttime="20240616 00:29:59.468" endtime="20240616 00:29:59.470"/>
</kw>
<kw name="Switch To Centos Diag Tool" library="DiagLibAdapter">
[...]
  [ g ]  » BCB Interface Test (8)                                    0
  [ h ]  » Stress Test (12)                                          0
  [ i ]    Sanity Test (23)                                          0
  [ j ]    Snapshot (1)                                              0
  [ k ]    MFG Test (22)                                             0
  [ q ]  « Exit Menu
 ============= [               Test Main                ] =============
minerva@unidiag_2.1.0:~$  press [ a b c d e f g h i j k ] to run a test :
&gt;&gt;&gt; press [Enter] to exit</msg>
<msg timestamp="20240616 00:58:28.915" level="INFO">... total cost 4.39 second.</msg>
<msg timestamp="20240616 00:58:28.915" level="INFO">
PASS: Exited from Unidiag interface successfully.
</msg>
<status status="PASS" starttime="20240616 00:58:20.918" endtime="20240616 00:58:28.916"/>
</kw>
<status status="PASS" starttime="20240616 00:58:20.918" endtime="20240616 00:58:28.916"/>
</kw>
<kw name="Log Info" library="DiagLibAdapter">
<arg>===== End of META_STRESS_COM_TCG1_13_OpenBMC_I2C_Bus_Scan_Stress_Test =====</arg>
<msg timestamp="20240616 00:58:28.917" level="INFO">
===== End of META_STRESS_COM_TCG1_13_OpenBMC_I2C_Bus_Scan_Stress_Test =====
</msg>
<status status="PASS" starttime="20240616 00:58:28.916" endtime="20240616 00:58:28.917"/>
</kw>
<doc>Synopsis=&gt; This test checks the function of openbmc i2c scan.</doc>
<tag>batch1</tag>
<tag>META_STRESS_COM_TCG1_13_OpenBMC_I2C_Bus_Scan_Stress_Test</tag>
<tag>test13</tag>
<tag>th5</tag>
<status status="PASS" starttime="20240616 00:57:50.132" endtime="20240616 00:58:28.917"/>
</test>
<test id="s1-t9" name="META_STRESS_COM_TCG1_14_TPM_Module_Access_Stress_test" line="237">
<kw name="Log Info" library="DiagLibAdapter">
<arg>===== Start of META_STRESS_COM_TCG1_14_TPM_Module_Access_Stress_test =====</arg>
<msg timestamp="20240616 00:58:28.920" level="INFO">
===== Start of META_STRESS_COM_TCG1_14_TPM_Module_Access_Stress_test =====
</msg>
<status status="PASS" starttime="20240616 00:58:28.919" endtime="20240616 00:58:28.920"/>
</kw>
<kw name="Set Testcase Timeout">
<arg>${Timeout4500}</arg>
<kw name="Log Debug" library="DiagLibAdapter">
<arg>*** Set Testcase Timeout: ${TIMEOUT} Seconds ***</arg>
<status status="PASS" starttime="20240616 00:58:28.921" endtime="20240616 00:58:28.922"/>
</kw>
<kw name="Sleep" library="BuiltIn">
<arg>1s</arg>
<doc>Pauses the test executed for the given time.</doc>
<msg timestamp="20240616 00:58:29.923" level="INFO">Slept 1 second</msg>
<status status="PASS" starttime="20240616 00:58:28.922" endtime="20240616 00:58:29.923"/>
</kw>
<timeout value="1 hour 15 minutes"/>
<status status="PASS" starttime="20240616 00:58:28.920" endtime="20240616 00:58:29.924"/>
</kw>
<kw name="Set Global Variable" library="BuiltIn">
<arg>${MaxRepeatCount5}</arg>
<doc>Makes a variable available globally in all tests and suites.</doc>
<msg timestamp="20240616 00:58:29.925" level="INFO">${MaxRepeatCount5} = 5</msg>
<status status="PASS" starttime="20240616 00:58:29.924" endtime="20240616 00:58:29.926"/>
</kw>
<for flavor="IN RANGE">
<var>${INDEX}</var>
<value>1</value>
<value>2</value>
<iter>
<var name="${INDEX}">1</var>
<kw name="Step" library="DiagLibAdapter">
<arg>1</arg>
<arg>run tpm test</arg>
<arg>DUT</arg>
<doc>when use this api/keyword , if one step fail, the following steps will not be executed</doc>
<kw name="Run Tpm Test" library="DiagLibAdapter">
<arg>DUT</arg>
<msg timestamp="20240616 00:58:33.032" level="INFO">[root@localhost bin]# 
[root@localhost bin]# 
[root@localhost bin]# unidiag
    System Version   : 
        BIOS: NL401
        BMC:  janga-v2.00 (master)
        I210: v3.30, 0x80000774
        SDK:  2024/06/07 v2.2.1
        BSP:  v2.0.0
        UDEV: v2.0.0
        OS:   v2.0.0

        Platform:   janga
        IOB FPGA:   v0.50
        DOM FPGA:   v0.38
        SMB CPLD 1: v2.0.5    booted from: External Flash
        SMB CPLD 2: v2.0.3    booted from: External Flash
        PWR CPLD:   v2.0.2    booted from: External Flash
        COMe FPGA:  PVT (0x05)

        BRD REV: DVT1
        PN: R4062G000203
        SN: GR23324190023 

 =============       &lt;&lt;&lt; Meta Unidiag Platform &gt;&gt;&gt;</msg>
<msg timestamp="20240616 00:58:35.034" level="INFO">
Pressing option c 
</msg>
<msg timestamp="20240616 00:58:35.035" level="INFO">==============</msg>
<msg timestamp="20240616 00:58:40.040" level="INFO">
Pressing option d 
</msg>
<msg timestamp="20240616 00:58:40.040" level="INFO">[ a ]    auto (47)                                                56</msg>
<msg timestamp="20240616 00:58:45.045" level="INFO">
Pressing option f 
</msg>
<msg timestamp="20240616 00:58:45.046" level="INFO">[ b ]  » System Test (17)                                         10</msg>
<msg timestamp="20240616 00:58:50.051" level="INFO">
Pressing option b 
</msg>
<msg timestamp="20240616 00:58:50.051" level="INFO">[ c ]  » Board Test (4)                                           26</msg>
<msg timestamp="20240616 00:58:55.061" level="INFO">[ d ]  » FPGA Test (2)                                             5
  [ e ]  » CPLD Test (3)                                             6
  [ f ]  » Firmware Upgrade (14)                                     0
  [ g ]  » BCB Interface Test (8)                                    0
  [ h ]  » Stress Test (12)                                          0
  [ i ]    Sanity Test (23)                                          0
  [ j ]    Snapshot (1)                                              0
  [ k ]    MFG Test (22)                                             0
  [ q ]  « Exit Menu
 ============= [               Test Main                ] =============
minerva@unidiag_2.1.0:~$  press [ a b c d e f g h i j k ] to run a test :
&gt;&gt;&gt; c

 =============       &lt;&lt;&lt; Meta Unidiag Platform &gt;&gt;&gt;       ==============
  [ a ]    auto (26)                                                35
  [ b ]  » SMB  Board Test (4)                                       4
  [ c ]  » PDB  Board Test (1)                                       1
  [ d ]  » COMe Board Test (8)                                      13
  [ e ]  » BMC  Board Test (9)                                       8
  [ q ]  « Back to upper menu
 ============= [               Board Test               ] =============
minerva@unidiag_2.1.0:~$  press [ a b c d e ] to run a test :
&gt;&gt;&gt; 
 =============       &lt;&lt;&lt; Meta Unidiag Platform &gt;&gt;&gt;       ==============
  [ a ]    auto (26)                                                35
  [ b ]  » SMB  Board Test (4)                                       4
  [ c ]  » PDB  Board Test (1)                                       1
  [ d ]  » COMe Board Test (8)                                      13
  [ e ]  » BMC  Board Test (9)                                       8
  [ q ]  « Back to upper menu
 ============= [               Board Test               ] =============
minerva@unidiag_2.1.0:~$  press [ a b c d e ] to run a test :
&gt;&gt;&gt; d

 =============       &lt;&lt;&lt; Meta Unidiag Platform &gt;&gt;&gt;       ==============
  [ a ]    auto (13)                                                21
  [ b ]  * I2C SCAN Test (1)                                         1
  [ c ]  » BIOS Test (2)                                             2
  [ d ]  » CPU Test (2)                                              2
  [ e ]  » MEM Test (2)                                              2
  [ f ]  » TPM Test (1)                                              1
  [ g ]  » RTC Test (3)                                              3
  [ h ]  » USB Test (2)                                              2
  [ i ]    Management Ethernet Port Connection Test (1)              0
  [ q ]  « Back to upper menu
 ============= [            COMe Board Test             ] =============
minerva@unidiag_2.1.0:~$  press [ a b c d e f g h i ] to run a test :
&gt;&gt;&gt; 
 =============       &lt;&lt;&lt; Meta Unidiag Platform &gt;&gt;&gt;       ==============
  [ a ]    auto (13)                                                21
  [ b ]  * I2C SCAN Test (1)                                         1
  [ c ]  » BIOS Test (2)                                             2
  [ d ]  » CPU Test (2)                                              2
  [ e ]  » MEM Test (2)                                              2
  [ f ]  » TPM Test (1)                                              1
  [ g ]  » RTC Test (3)                                              3
  [ h ]  » USB Test (2)                                              2
  [ i ]    Management Ethernet Port Connection Test (1)              0
  [ q ]  « Back to upper menu
 ============= [            COMe Board Test             ] =============
minerva@unidiag_2.1.0:~$  press [ a b c d e f g h i ] to run a test :
&gt;&gt;&gt; f

 =============       &lt;&lt;&lt; Meta Unidiag Platform &gt;&gt;&gt;       ==============
  [ a ]    auto (1)                                                  1
  [ b ]  * vendor (1)                                                1
  [ q ]  « Back to upper menu
 ============= [                TPM Test                ] =============
minerva@unidiag_2.1.0:~$  press [ a b ] to run a test :
&gt;&gt;&gt; 
 =============       &lt;&lt;&lt; Meta Unidiag Platform &gt;&gt;&gt;       ==============
  [ a ]    auto (1)                                                  1
  [ b ]  * vendor (1)                                                1
  [ q ]  « Back to upper menu
 ============= [                TPM Test                ] =============
minerva@unidiag_2.1.0:~$  press [ a b ] to run a test :
&gt;&gt;&gt; b
&gt;&gt;&gt; [ Testcase tpm ] vendor                   
TPM Manufacturer: IFX
TPM Vendor String: SLB9670
(y) vendor          : x86 TPM vendor info check finished.                                   
[total_funcs:  1 pass: 1  skip: 0  fail: 0 ] cost    0.10s - - [PASS]

press any key to continue</msg>
<msg timestamp="20240616 00:58:55.061" level="INFO">!</msg>
<msg timestamp="20240616 00:59:00.067" level="INFO">
PASS: Actual and expected vendor version is verified successfully.
</msg>
<status status="PASS" starttime="20240616 00:58:29.928" endtime="20240616 00:59:00.067"/>
</kw>
<status status="PASS" starttime="20240616 00:58:29.927" endtime="20240616 00:59:00.067"/>
</kw>
<kw name="Step" library="DiagLibAdapter">
<arg>2</arg>
<arg>exit unidiag interface</arg>
<arg>DUT</arg>
<doc>when use this api/keyword , if one step fail, the following steps will not be executed</doc>
<kw name="Exit Unidiag Interface" library="DiagLibAdapter">
<arg>DUT</arg>
<msg timestamp="20240616 00:59:00.068" level="INFO">=============       &lt;&lt;&lt; Meta Unidiag Platform &gt;&gt;&gt;       ==============</msg>
<msg timestamp="20240616 00:59:05.071" level="INFO">[ a ]    auto (1)                                                  1
  [ b ]  * vendor (1)                                                1
  [ q ]  « Back to upper menu
 ============= [                TPM Test                ] =============
minerva@unidiag_2.1.0:~$  press [ a b ] to run a test :
&gt;&gt;&gt; 


 =============       &lt;&lt;&lt; Meta Unidiag Platform &gt;&gt;&gt;       ==============
  [ a ]    auto (1)                                                  1
  [ b ]  * vendor (1)                                                1
  [ q ]  « Back to upper menu
 ============= [                TPM Test                ] =============
minerva@unidiag_2.1.0:~$  press [ a b ] to run a test :
&gt;&gt;&gt; 
 =============       &lt;&lt;&lt; Meta Unidiag Platform &gt;&gt;&gt;       ==============
  [ a ]    auto (1)                                                  1
  [ b ]  * vendor (1)                                                1
  [ q ]  « Back to upper menu
 ============= [                TPM Test                ] =============
minerva@unidiag_2.1.0:~$  press [ a b ] to run a test :
&gt;&gt;&gt; 
 =============       &lt;&lt;&lt; Meta Unidiag Platform &gt;&gt;&gt;       ==============
  [ a ]    auto (13)                                                21
  [ b ]  * I2C SCAN Test (1)                                         1
  [ c ]  » BIOS Test (2)                                             2
  [ d ]  » CPU Test (2)                                              2
  [ e ]  » MEM Test (2)                                              2
  [ f ]  » TPM Test (1)                                              1
  [ g ]  » RTC Test (3)                                              3
  [ h ]  » USB Test (2)                                              2
  [ i ]    Management Ethernet Port Connection Test (1)              0
  [ q ]  « Back to upper menu
 ============= [            COMe Board Test             ] =============
minerva@unidiag_2.1.0:~$  press [ a b c d e f g h i ] to run a test :
&gt;&gt;&gt; 
 =============       &lt;&lt;&lt; Meta Unidiag Platform &gt;&gt;&gt;       ==============
  [ a ]    auto (13)                                                21
  [ b ]  * I2C SCAN Test (1)                                         1
  [ c ]  » BIOS Test (2)                                             2
  [ d ]  » CPU Test (2)                                              2
  [ e ]  » MEM Test (2)                                              2
  [ f ]  » TPM Test (1)                                              1
  [ g ]  » RTC Test (3)                                              3
  [ h ]  » USB Test (2)                                              2
  [ i ]    Management Ethernet Port Connection Test (1)              0
  [ q ]  « Back to upper menu
 ============= [            COMe Board Test             ] =============
minerva@unidiag_2.1.0:~$  press [ a b c d e f g h i ] to run a test :
&gt;&gt;&gt;</msg>
<msg timestamp="20240616 00:59:10.308" level="INFO">=============       &lt;&lt;&lt; Meta Unidiag Platform &gt;&gt;&gt;       ==============
  [ a ]    auto (26)                                                35
  [ b ]  » SMB  Board Test (4)                                       4
  [ c ]  » PDB  Board Test (1)                                       1
  [ d ]  » COMe Board Test (8)                                      13
  [ e ]  » BMC  Board Test (9)                                       8
  [ q ]  « Back to upper menu
 ============= [               Board Test               ] =============
minerva@unidiag_2.1.0:~$  press [ a b c d e ] to run a test :
&gt;&gt;&gt; 
 =============       &lt;&lt;&lt; Meta Unidiag Platform &gt;&gt;&gt;       ==============
  [ a ]    auto (26)                                                35
  [ b ]  » SMB  Board Test (4)                                       4
  [ c ]  » PDB  Board Test (1)                                       1
  [ d ]  » COMe Board Test (8)                                      13
  [ e ]  » BMC  Board Test (9)                                       8
  [ q ]  « Back to upper menu
 ============= [               Board Test               ] =============
minerva@unidiag_2.1.0:~$  press [ a b c d e ] to run a test :
&gt;&gt;&gt;</msg>
<msg timestamp="20240616 00:59:15.543" level="INFO">=============       &lt;&lt;&lt; Meta Unidiag Platform &gt;&gt;&gt;       ==============
  [ a ]    auto (47)                                                56
  [ b ]  » System Test (17)                                         10
  [ c ]  » Board Test (4)                                           26
  [ d ]  » FPGA Test (2)                                             5
  [ e ]  » CPLD Test (3)                                             6
  [ f ]  » Firmware Upgrade (14)                                     0
  [ g ]  » BCB Interface Test (8)                                    0
  [ h ]  » Stress Test (12)                                          0
  [ i ]    Sanity Test (23)                                          0
  [ j ]    Snapshot (1)                                              0
  [ k ]    MFG Test (22)                                             0
  [ q ]  « Exit Menu
 ============= [               Test Main                ] =============
minerva@unidiag_2.1.0:~$  press [ a b c d e f g h i j k ] to run a test :
&gt;&gt;&gt; 
 =============       &lt;&lt;&lt; Meta Unidiag Platform &gt;&gt;&gt;       ==============
  [ a ]    auto (47)                                                56
  [ b ]  » System Test (17)                                         10
  [ c ]  » Board Test (4)                                           26
  [ d ]  » FPGA Test (2)                                             5
  [ e ]  » CPLD Test (3)                                             6
  [ f ]  » Firmware Upgrade (14)                                     0
  [ g ]  » BCB Interface Test (8)                                    0
  [ h ]  » Stress Test (12)                                          0
  [ i ]    Sanity Test (23)                                          0
  [ j ]    Snapshot (1)                                              0
  [ k ]    MFG Test (22)                                             0
  [ q ]  « Exit Menu
 ============= [               Test Main                ] =============
minerva@unidiag_2.1.0:~$  press [ a b c d e f g h i j k ] to run a test :
&gt;&gt;&gt;</msg>
<msg timestamp="20240616 00:59:15.642" level="INFO">press [Enter] to exit ... total cost 5.24 second.</msg>
<msg timestamp="20240616 00:59:20.647" level="INFO">[root@localhost bin]#</msg>
<msg timestamp="20240616 00:59:20.724" level="INFO">q</msg>
<msg timestamp="20240616 00:59:25.730" level="INFO">-bash: q: command not found
[root@localhost bin]#</msg>
<msg timestamp="20240616 00:59:25.801" level="INFO">
PASS: Exited from Unidiag interface successfully.
</msg>
<status status="PASS" starttime="20240616 00:59:00.068" endtime="20240616 00:59:25.801"/>
</kw>
<status status="PASS" starttime="20240616 00:59:00.067" endtime="20240616 00:59:25.801"/>
</kw>
<status status="PASS" starttime="20240616 00:58:29.927" endtime="20240616 00:59:25.801"/>
</iter>
<status status="PASS" starttime="20240616 00:58:29.926" endtime="20240616 00:59:25.801"/>
</for>
<kw name="Log Info" library="DiagLibAdapter">
<arg>===== End of META_STRESS_COM_TCG1_14_TPM_Module_Access_Stress_test =====</arg>
<msg timestamp="20240616 00:59:25.802" level="INFO">
===== End of META_STRESS_COM_TCG1_14_TPM_Module_Access_Stress_test =====
</msg>
<status status="PASS" starttime="20240616 00:59:25.802" endtime="20240616 00:59:25.803"/>
</kw>
<kw name="Run Keyword If Test Failed" library="BuiltIn" type="TEARDOWN">
<arg>exit unidiag interface</arg>
<arg>DUT</arg>
<doc>Runs the given keyword with the given arguments, if the test failed.</doc>
<status status="PASS" starttime="20240616 00:59:25.803" endtime="20240616 00:59:25.804"/>
</kw>
<doc>Synopsis=&gt; This test checks the function of TPM access.</doc>
<tag>batch1</tag>
<tag>META_STRESS_COM_TCG1_14_TPM_Module_Access_Stress_test</tag>
<tag>minerva</tag>
<tag>test14</tag>
<status status="PASS" starttime="20240616 00:58:28.918" endtime="20240616 00:59:25.804"/>
</test>
<kw name="Diag Disconnect Device" type="TEARDOWN">
<kw name="WPL Diag Device Disconnect" library="DiagLibAdapter">
<msg timestamp="20240616 00:59:25.809" level="INFO">[root@localhost bin]# 
[root@localhost bin]#</msg>
<status status="PASS" starttime="20240616 00:59:25.807" endtime="20240616 00:59:30.814"/>
</kw>
<status status="PASS" starttime="20240616 00:59:25.807" endtime="20240616 00:59:30.814"/>
</kw>
<doc>This suite will perform all stress tests.</doc>
<status status="PASS" starttime="20240616 00:26:27.841" endtime="20240616 00:59:30.814"/>
</suite>
<statistics>
<total>
<stat pass="9" fail="0" skip="0">All Tests</stat>
</total>
<tag>
<stat pass="9" fail="0" skip="0">batch1</stat>
</tag>
<suite>
<stat pass="9" fail="0" skip="0" id="s1" name="[MINERVA_J3_E01] MinervaSystem Stress Test">[MINERVA_J3_E01] MinervaSystem Stress Test</stat>
</suite>
</statistics>
<errors>
</errors>
</robot>
